1712675363235	geckodriver	INFO	Listening on 127.0.0.1:64012
1712675366303	mozrunner::runner	INFO	Running command: "C:\\Program Files\\Mozilla Firefox\\firefox.exe" "--marionette" "--remote-debugging-port" "64013" "--remote-allow-hosts" "localhost" "-no-remote" "-profile" "C:\\Users\\YASMIN~1.HIL\\AppData\\Local\\Temp\\rust_mozprofiledWQSt6"
console.warn: services.settings: Ignoring preference override of remote settings server
console.warn: services.settings: Allow by setting MOZ_REMOTE_SETTINGS_DEVTOOLS=1 in the environment
1712675366972	Marionette	INFO	Marionette enabled
Dynamically enable window occlusion 0
1712675367186	Marionette	INFO	Listening on port 64022
WebDriver BiDi listening on ws://127.0.0.1:64013
Read port: 64022
1712675367457	RemoteAgent	WARN	TLS certificate errors will be ignored for this session
DevTools listening on ws://127.0.0.1:64013/devtools/browser/42883654-150c-41dc-bf28-e0232ef6644d
JavaScript warning: https://pagead2.googlesyndication.com/pagead/js/adsbygoogle.js?client=ca-pub-5609129721109980, line 174: Script terminated by timeout at:
Yn@https://pagead2.googlesyndication.com/pagead/js/adsbygoogle.js?client=ca-pub-5609129721109980:174:347
Xn@https://pagead2.googlesyndication.com/pagead/js/adsbygoogle.js?client=ca-pub-5609129721109980:173:479
Vn/<@https://pagead2.googlesyndication.com/pagead/js/adsbygoogle.js?client=ca-pub-5609129721109980:174:127

JavaScript warning: https://ads.eu.criteo.com/delivery/r/afr.php?z=ZhVaLAAInAQGdhRiAAfcbGkLAluhYUNebxf3GA&u=%7CRx51SSkwCSBy6rdwwBpfLkeYCLG1d1nVXgKQGnTRtNg%3D%7C&c1=jWCgqsKSUoWKRvDssmEQ3dRte9oWhU873PslWXxlgwqyDsvBp4X-0QD3WoDqftjeOi_RL70L9wckR3HKNuCJh9Tb_W2OZn9p5EY5j1h1n6p-t6Pobn7chDEZixLteH_zbugdp-1xkGxK1LLdSO6m_X1gJBlfkh71gWZ4BXi3Nrne9xE8oz2OwZSSE04M_RO_UFzzNeed8cfE8ONil2Zvbca4PWjCRQJVM7h4yTkeC47WLQOWbydz5kEMaRjgc0P9t7ld6jufj3aVWkWDfIrxioVDyVAD6UJld2EeoFUBpFR6Po7iCfixL6lcK5--zSf2-Tisk19zJNscYtcl4q46v85xOydwwkOGvUuexvbG1v0D8FlSR7jEEdfawA9yFfZ5QmPv74k_4Sh3_LWtW4q4URD8FdXHA9PmQUqhD6in7H92v9O6AUpEt57KTneavBAW9k4Dy86sg3B2-9us-yeAS7pZf32LEBGjujIVpHUh6xbgPBxDQD8YqXDVD2AQjA3ZTHN4mvW59v049l4n__Rf7EWK0jIR9lczh4vB6lG_0bbxsIliqfuPQZoQjwTVrM4Z5AGNSsHQy5OxjLjMykmEeUgm0SBHrgDd&ct0=https://adclick.g.doubleclick.net/aclk%3Fsa%3DL%26ai%3DCjmIOLFoVZoS4IuKo2OMP7LifmAPJntKxXKX8k_dwwI23ARABIABg1bXXAoIBF2NhLXB1Yi01NjA5MTI5NzIxMTA5OTgwyAEJqQLYUf-UbTuyPqgDAcgDAqoEwAFP0MkmMQbtRfEhBIDBSAW5a26y25TRP8qZLlbrdSwj0e9UgyF2tMhLIRS2BssFeXKnXpvjhHRAlkNfogb0jKhd2sZ5VFfWZ6vhIn_V1AsUVyqJ859KCAkTS6BRApnKzGAMx9ecAw1AQHpAswh7CWGtRqXVvgVhIwQfjIWA3SBTDFFWrRjJFEEaMh7uwWZVUhdEwukYh6i1nXNPU9T6EJ_SXu6TQcmkfURG18hyzdwQnTeGoaRL8JJKPS2tFnc_Dp6ABuyh1JGH76noQKAGIagHpr4bqAeW2BuoB6qbsQKoB4OtsQKoB_-esQKoB9-fsQKoB62-sQLYBwDSCCgIkeGAcBABMgfri4Dgv4ABOggAgICAgICULki9_cE6WLfIxfm0tYUD-gsCCAGADAHQFQGAFwE%26num%3D1%26sig%3DAOD64_0KJdtLx8hqZND0VRUDjR1OfK5_Ig%26client%3Dca-pub-5609129721109980%26adurl%3D, line 50: Script terminated by timeout at:
i@https://ads.eu.criteo.com/delivery/r/afr.php?z=ZhVaLAAInAQGdhRiAAfcbGkLAluhYUNebxf3GA&u=%7CRx51SSkwCSBy6rdwwBpfLkeYCLG1d1nVXgKQGnTRtNg%3D%7C&c1=jWCgqsKSUoWKRvDssmEQ3dRte9oWhU873PslWXxlgwqyDsvBp4X-0QD3WoDqftjeOi_RL70L9wckR3HKNuCJh9Tb_W2OZn9p5EY5j1h1n6p-t6Pobn7chDEZixLteH_zbugdp-1xkGxK1LLdSO6m_X1gJBlfkh71gWZ4BXi3Nrne9xE8oz2OwZSSE04M_RO_UFzzNeed8cfE8ONil2Zvbca4PWjCRQJVM7h4yTkeC47WLQOWbydz5kEMaRjgc0P9t7ld6jufj3aVWkWDfIrxioVDyVAD6UJld2EeoFUBpFR6Po7iCfixL6lcK5--zSf2-Tisk19zJNscYtcl4q46v85xOydwwkOGvUuexvbG1v0D8FlSR7jEEdfawA9yFfZ5QmPv74k_4Sh3_LWtW4q4URD8FdXHA9PmQUqhD6in7H92v9O6AUpEt57KTneavBAW9k4Dy86sg3B2-9us-yeAS7pZf32LEBGjujIVpHUh6xbgPBxDQD8YqXDVD2AQjA3ZTHN4mvW59v049l4n__Rf7EWK0jIR9lczh4vB6lG_0bbxsIliqfuPQZoQjwTVrM4Z5AGNSsHQy5OxjLjMykmEeUgm0SBHrgDd&ct0=https://adclick.g.doubleclick.net/aclk%3Fsa%3DL%26ai%3DCjmIOLFoVZoS4IuKo2OMP7LifmAPJntKxXKX8k_dwwI23ARABIABg1bXXAoIBF2NhLXB1Yi01NjA5MTI5NzIxMTA5OTgwyAEJqQLYUf-UbTuyPqgDAcgDAqoEwAFP0MkmMQbtRfEhBIDBSAW5a26y25TRP8qZLlbrdSwj0e9UgyF2tMhLIRS2BssFeXKnXpvjhHRAlkNfogb0jKhd2sZ5VFfWZ6vhIn_V1AsUVyqJ859KCAkTS6BRApnKzGAMx9ecAw1AQHpAswh7CWGtRqXVvgVhIwQfjIWA3SBTDFFWrRjJFEEaMh7uwWZVUhdEwukYh6i1nXNPU9T6EJ_SXu6TQcmkfURG18hyzdwQnTeGoaRL8JJKPS2tFnc_Dp6ABuyh1JGH76noQKAGIagHpr4bqAeW2BuoB6qbsQKoB4OtsQKoB_-esQKoB9-fsQKoB62-sQLYBwDSCCgIkeGAcBABMgfri4Dgv4ABOggAgICAgICULki9_cE6WLfIxfm0tYUD-gsCCAGADAHQFQGAFwE%26num%3D1%26sig%3DAOD64_0KJdtLx8hqZND0VRUDjR1OfK5_Ig%26client%3Dca-pub-5609129721109980%26adurl%3D:50:5740

1712675377399	Marionette	INFO	Stopped listening on port 64022
Dynamically enable window occlusion 1
JavaScript error: , line 0: TypeError: NetworkError when attempting to fetch resource.
JavaScript error: , line 0: TypeError: NetworkError when attempting to fetch resource.
