1712876382183	geckodriver	INFO	Listening on 127.0.0.1:57140
1712876385223	mozrunner::runner	INFO	Running command: "C:\\Program Files\\Mozilla Firefox\\firefox.exe" "--marionette" "--remote-debugging-port" "57141" "--remote-allow-hosts" "localhost" "-no-remote" "-profile" "C:\\Users\\YASMIN~1.HIL\\AppData\\Local\\Temp\\rust_mozprofile2ZoYSn"
console.warn: services.settings: Ignoring preference override of remote settings server
console.warn: services.settings: Allow by setting MOZ_REMOTE_SETTINGS_DEVTOOLS=1 in the environment
1712876385807	Marionette	INFO	Marionette enabled
Dynamically enable window occlusion 0
1712876385933	Marionette	INFO	Listening on port 57154
Read port: 
1712876385940	geckodriver::browser	WARN	Failed fo convert  to u16
WebDriver BiDi listening on ws://127.0.0.1:57141
Read port: 57154
1712876386160	RemoteAgent	WARN	TLS certificate errors will be ignored for this session
DevTools listening on ws://127.0.0.1:57141/devtools/browser/5b025bc1-3fa5-44e6-9989-9c0477b743be
JavaScript warning: https://pagead2.googlesyndication.com/bg/L0LConaBzCc577BZGNgzP3bg87fF5vhB9-a07M4Tw6o.js line 2 > eval line 2094 > eval line 1 > eval line 1 > eval, line 1: WEBGL_debug_renderer_info is deprecated in Firefox and will be removed. Please use RENDERER.
1712876415972	addons.xpi	ERROR	System addon update list error SyntaxError: XMLHttpRequest.open: 'http://%(server)s/dummy-system-addons.xml' is not a valid URL.
JavaScript warning: https://pagead2.googlesyndication.com/pagead/managed/js/adsense/m202404080101/slotcar_library_fy2021.js?bust=31082589, line 127: Script terminated by timeout at:
ri/<@https://pagead2.googlesyndication.com/pagead/managed/js/adsense/m202404080101/slotcar_library_fy2021.js?bust=31082589:127:389
Ad/</<@https://pagead2.googlesyndication.com/pagead/managed/js/adsense/m202404080101/slotcar_library_fy2021.js?bust=31082589:33:292
zd@https://pagead2.googlesyndication.com/pagead/managed/js/adsense/m202404080101/slotcar_library_fy2021.js?bust=31082589:33:92
Ad/<@https://pagead2.googlesyndication.com/pagead/managed/js/adsense/m202404080101/slotcar_library_fy2021.js?bust=31082589:33:281

1712876728564	Marionette	INFO	Stopped listening on port 57154
Dynamically enable window occlusion 1
