1712570569378	geckodriver	INFO	Listening on 127.0.0.1:57865
1712570572425	mozrunner::runner	INFO	Running command: "C:\\Program Files\\Mozilla Firefox\\firefox.exe" "--marionette" "--remote-debugging-port" "57866" "--remote-allow-hosts" "localhost" "-no-remote" "-profile" "C:\\Users\\YASMIN~1.HIL\\AppData\\Local\\Temp\\rust_mozprofileXCUhF3"
console.warn: services.settings: Ignoring preference override of remote settings server
console.warn: services.settings: Allow by setting MOZ_REMOTE_SETTINGS_DEVTOOLS=1 in the environment
1712570572969	Marionette	INFO	Marionette enabled
Dynamically enable window occlusion 0
1712570573100	Marionette	INFO	Listening on port 57875
WebDriver BiDi listening on ws://127.0.0.1:57866
Read port: 57875
1712570573293	RemoteAgent	WARN	TLS certificate errors will be ignored for this session
DevTools listening on ws://127.0.0.1:57866/devtools/browser/59c89463-21e1-4f43-bc5f-635bc138d089
1712570590636	Marionette	INFO	Stopped listening on port 57875
Dynamically enable window occlusion 1
!!! error running onStopped callback: TypeError: callback is not a function
JavaScript error: chrome://remote/content/marionette/cert.sys.mjs, line 47: NS_ERROR_NOT_AVAILABLE: Component returned failure code: 0x80040111 (NS_ERROR_NOT_AVAILABLE) [nsICertOverrideService.setDisableAllSecurityChecksAndLetAttackersInterceptMyData]
1712570590711	WebDriver BiDi	ERROR	Failed to stop protocol: [Exception... "Component returned failure code: 0x80040111 (NS_ERROR_NOT_AVAILABLE) [nsICertOverrideService.setDisableAllSecurityChecksAndLetAttackersInterceptMyData]"  nsresult: "0x80040111 (NS_ERROR_NOT_AVAILABLE)"  location: "JS frame :: chrome://remote/content/marionette/cert.sys.mjs :: allowAllCerts.disable :: line 47"  data: no] Stack trace: allowAllCerts.disable()@cert.sys.mjs:47
destroy()@Session.sys.mjs:239
deleteSession()@WebDriverBiDi.sys.mjs:140
stop()@WebDriverBiDi.sys.mjs:228
observe()@resource://gre/modules/AsyncShutdown.sys.mjs:570
