1712876272505	geckodriver	INFO	Listening on 127.0.0.1:56776
1712876275556	mozrunner::runner	INFO	Running command: "C:\\Program Files\\Mozilla Firefox\\firefox.exe" "--marionette" "--remote-debugging-port" "56777" "--remote-allow-hosts" "localhost" "-no-remote" "-profile" "C:\\Users\\YASMIN~1.HIL\\AppData\\Local\\Temp\\rust_mozprofileMHsNGv"
console.warn: services.settings: Ignoring preference override of remote settings server
console.warn: services.settings: Allow by setting MOZ_REMOTE_SETTINGS_DEVTOOLS=1 in the environment
1712876276079	Marionette	INFO	Marionette enabled
Dynamically enable window occlusion 0
1712876276196	Marionette	INFO	Listening on port 56784
WebDriver BiDi listening on ws://127.0.0.1:56777
Read port: 56784
1712876276389	RemoteAgent	WARN	TLS certificate errors will be ignored for this session
DevTools listening on ws://127.0.0.1:56777/devtools/browser/6988d9c3-c822-4146-be99-a507cd3bd6dd
JavaScript warning: https://pagead2.googlesyndication.com/bg/L0LConaBzCc577BZGNgzP3bg87fF5vhB9-a07M4Tw6o.js line 2 > eval line 5316 > eval line 1 > eval line 1 > eval, line 1: WEBGL_debug_renderer_info is deprecated in Firefox and will be removed. Please use RENDERER.
JavaScript warning: https://pagead2.googlesyndication.com/pagead/managed/js/adsense/m202404090201/slotcar_library_fy2021.js?bust=31082657, line 126: Script terminated by timeout at:
qi/<@https://pagead2.googlesyndication.com/pagead/managed/js/adsense/m202404090201/slotcar_library_fy2021.js?bust=31082657:126:389
zd/</<@https://pagead2.googlesyndication.com/pagead/managed/js/adsense/m202404090201/slotcar_library_fy2021.js?bust=31082657:33:292
yd@https://pagead2.googlesyndication.com/pagead/managed/js/adsense/m202404090201/slotcar_library_fy2021.js?bust=31082657:33:92
zd/<@https://pagead2.googlesyndication.com/pagead/managed/js/adsense/m202404090201/slotcar_library_fy2021.js?bust=31082657:33:281

1712876287180	Marionette	INFO	Stopped listening on port 56784
Dynamically enable window occlusion 1
JavaScript error: , line 0: TypeError: NetworkError when attempting to fetch resource.
JavaScript error: , line 0: TypeError: NetworkError when attempting to fetch resource.
