1713255031268	geckodriver	INFO	Listening on 127.0.0.1:52638
1713255034358	mozrunner::runner	INFO	Running command: "C:\\Program Files\\Mozilla Firefox\\firefox.exe" "--marionette" "--remote-debugging-port" "52639" "--remote-allow-hosts" "localhost" "-no-remote" "-profile" "C:\\Users\\YASMIN~1.HIL\\AppData\\Local\\Temp\\rust_mozprofileOr1WLF"
console.warn: services.settings: Ignoring preference override of remote settings server
console.warn: services.settings: Allow by setting MOZ_REMOTE_SETTINGS_DEVTOOLS=1 in the environment
1713255035050	Marionette	INFO	Marionette enabled
Dynamically enable window occlusion 0
1713255035254	Marionette	INFO	Listening on port 52659
WebDriver BiDi listening on ws://127.0.0.1:52639
Read port: 52659
1713255035532	RemoteAgent	WARN	TLS certificate errors will be ignored for this session
DevTools listening on ws://127.0.0.1:52639/devtools/browser/d88b796c-8651-48db-b5c5-4a7eb5bb2d05
console.warn: LoginRecipes: "Falling back to a synchronous message for: https://yopmail.com."
JavaScript error: , line 0: TypeError: NetworkError when attempting to fetch resource.
1713255044425	Marionette	WARN	Ignoring event 'DOMContentLoaded' because document has an invalid readyState of 'complete'.
JavaScript warning: https://pagead2.googlesyndication.com/bg/L0LConaBzCc577BZGNgzP3bg87fF5vhB9-a07M4Tw6o.js line 2 > eval line 3638 > eval line 1 > eval line 1 > eval, line 1: WEBGL_debug_renderer_info is deprecated in Firefox and will be removed. Please use RENDERER.
JavaScript warning: https://pagead2.googlesyndication.com/bg/L0LConaBzCc577BZGNgzP3bg87fF5vhB9-a07M4Tw6o.js line 2 > eval line 5266 > eval line 1 > eval line 1 > eval, line 1: WEBGL_debug_renderer_info is deprecated in Firefox and will be removed. Please use RENDERER.
JavaScript warning: https://pagead2.googlesyndication.com/pagead/managed/js/adsense/m202404090201/slotcar_library_fy2021.js?bust=31082657, line 126: Script terminated by timeout at:
qi/<@https://pagead2.googlesyndication.com/pagead/managed/js/adsense/m202404090201/slotcar_library_fy2021.js?bust=31082657:126:389
zd/</<@https://pagead2.googlesyndication.com/pagead/managed/js/adsense/m202404090201/slotcar_library_fy2021.js?bust=31082657:33:292
yd@https://pagead2.googlesyndication.com/pagead/managed/js/adsense/m202404090201/slotcar_library_fy2021.js?bust=31082657:33:92
zd/<@https://pagead2.googlesyndication.com/pagead/managed/js/adsense/m202404090201/slotcar_library_fy2021.js?bust=31082657:33:281

1713255049305	Marionette	INFO	Stopped listening on port 52659
Dynamically enable window occlusion 1
JavaScript error: , line 0: TypeError: NetworkError when attempting to fetch resource.
JavaScript error: , line 0: TypeError: NetworkError when attempting to fetch resource.
