1712570529940	geckodriver	INFO	Listening on 127.0.0.1:57622
1712570533011	mozrunner::runner	INFO	Running command: "C:\\Program Files\\Mozilla Firefox\\firefox.exe" "--marionette" "--remote-debugging-port" "57623" "--remote-allow-hosts" "localhost" "-no-remote" "-profile" "C:\\Users\\YASMIN~1.HIL\\AppData\\Local\\Temp\\rust_mozprofiles8RBOu"
console.warn: services.settings: Ignoring preference override of remote settings server
console.warn: services.settings: Allow by setting MOZ_REMOTE_SETTINGS_DEVTOOLS=1 in the environment
1712570533566	Marionette	INFO	Marionette enabled
Dynamically enable window occlusion 0
1712570533692	Marionette	INFO	Listening on port 57640
WebDriver BiDi listening on ws://127.0.0.1:57623
Read port: 57640
1712570533874	RemoteAgent	WARN	TLS certificate errors will be ignored for this session
DevTools listening on ws://127.0.0.1:57623/devtools/browser/5f501c65-ad24-41c3-af46-e77992a69f6c
console.warn: LoginRecipes: "Falling back to a synchronous message for: https://yopmail.com."
JavaScript warning: https://pagead2.googlesyndication.com/pagead/managed/js/activeview/current/ufs_web_display.js, line 79: Script terminated by timeout at:
n.hh@https://pagead2.googlesyndication.com/pagead/managed/js/activeview/current/ufs_web_display.js:79:14
n.remove@https://pagead2.googlesyndication.com/pagead/managed/js/activeview/current/ufs_web_display.js:79:213
n.unsubscribe@https://pagead2.googlesyndication.com/pagead/managed/js/activeview/current/ufs_web_display.js:77:192
n.unsubscribe@https://pagead2.googlesyndication.com/pagead/managed/js/activeview/current/ufs_web_display.js:80:177
od.prototype.unsubscribe@https://pagead2.googlesyndication.com/pagead/managed/js/activeview/current/ufs_web_display.js:90:204
n.unsubscribe@https://pagead2.googlesyndication.com/pagead/managed/js/activeview/current/ufs_web_display.js:77:392
md/</</e<@https://pagead2.googlesyndication.com/pagead/managed/js/activeview/current/ufs_web_display.js:88:1328
ld.prototype.unsubscribe@https://pagead2.googlesyndication.com/pagead/managed/js/activeview/current/ufs_web_display.js:88:989
n.unsubscribe@https://pagead2.googlesyndication.com/pagead/managed/js/activeview/current/ufs_web_display.js:77:392
n.unsubscribe@https://pagead2.googlesyndication.com/pagead/managed/js/activeview/current/ufs_web_display.js:80:177
n.unsubscribe@https://pagead2.googlesyndication.com/pagead/managed/js/activeview/current/ufs_web_display.js:77:392
n.unsubscribe@https://pagead2.googlesyndication.com/pagead/managed/js/activeview/current/ufs_web_display.js:80:177
n.unsubscribe@https://pagead2.googlesyndication.com/pagead/managed/js/activeview/current/ufs_web_display.js:77:392
n.unsubscribe@https://pagead2.googlesyndication.com/pagead/managed/js/activeview/current/ufs_web_display.js:80:177
Bg.prototype.sendNow@https://pagead2.googlesyndication.com/pagead/managed/js/activeview/current/ufs_web_display.js:122:55
$o/</<@https://pagead2.googlesyndication.com/pagead/managed/js/activeview/current/ufs_web_display.js:266:235
$o/<@https://pagead2.googlesyndication.com/pagead/managed/js/activeview/current/ufs_web_display.js:266:208
sd.prototype.s@https://pagead2.googlesyndication.com/pagead/managed/js/activeview/current/ufs_web_display.js:90:610
n.next@https://pagead2.googlesyndication.com/pagead/managed/js/activeview/current/ufs_web_display.js:79:899
n.s@https://pagead2.googlesyndication.com/pagead/managed/js/activeview/current/ufs_web_display.js:80:223
n.next@https://pagead2.googlesyndication.com/pagead/managed/js/activeview/current/ufs_web_display.js:79:899
n.next@https://pagead2.googlesyndication.com/pagead/managed/js/activeview/current/ufs_web_display.js:84:833
n.Di@https://pagead2.googlesyndication.com/pagead/managed/js/activeview/current/ufs_web_display.js:86:1929
n.s@https://pagead2.googlesyndication.com/pagead/managed/js/activeview/current/ufs_web_display.js:80:223
n.next@https://pagead2.googlesyndication.com/pagead/managed/js/activeview/current/ufs_web_display.js:79:899
n.s@https://pagead2.googlesyndication.com/pagead/managed/js/activeview/current/ufs_web_display.js:80:223
n.next@https://pagead2.googlesyndication.com/pagead/managed/js/activeview/current/ufs_web_display.js:79:899
n.next@https://pagead2.googlesyndication.com/pagead/managed/js/activeview/current/ufs_web_display.js:84:833
n.Di@https://pagead2.googlesyndication.com/pagead/managed/js/activeview/current/ufs_web_display.js:86:1929
n.s@https://pagead2.googlesyndication.com/pagead/managed/js/activeview/current/ufs_web_display.js:80:223
n.next@https://pagead2.googlesyndication.com/pagead/managed/js/activeview/current/ufs_web_display.js:79:899
n.s@https://pagead2.googlesyndication.com/pagead/managed/js/activeview/current/ufs_web_display.js:80:223
n.next@https://pagead2.googlesyndication.com/pagead/managed/js/activeview/current/ufs_web_display.js:79:899
n.next@https://pagead2.googlesyndication.com/pagead/managed/js/activeview/current/ufs_web_display.js:84:833
n.Di@https://pagead2.googlesyndication.com/pagead/managed/js/activeview/current/ufs_web_display.js:86:1929
n.s@https://pagead2.googlesyndication.com/pagead/managed/js/activeview/current/ufs_web_display.js:80:223
n.next@https://pagead2.googlesyndication.com/pagead/managed/js/activeview/current/ufs_web_display.js:79:899
n.s@https://pagead2.googlesyndication.com/pagead/managed/js/activeview/current/ufs_web_display.js:80:223
n.next@https://pagead2.googlesyndication.com/pagead/managed/js/activeview/current/ufs_web_display.js:79:899
n.next@https://pagead2.googlesyndication.com/pagead/managed/js/activeview/current/ufs_web_display.js:84:833
n.Di@https://pagead2.googlesyndication.com/pagead/managed/js/activeview/current/ufs_web_display.js:86:1929
n.s@https://pagead2.googlesyndication.com/pagead/managed/js/activeview/current/ufs_web_display.js:80:223
n.next@https://pagead2.googlesyndication.com/pagead/managed/js/activeview/current/ufs_web_display.js:79:899
rg.prototype.s@https://pagead2.googlesyndication.com/pagead/managed/js/activeview/current/ufs_web_display.js:119:115
n.next@https://pagead2.googlesyndication.com/pagead/managed/js/activeview/current/ufs_web_display.js:79:899
sd.prototype.s@https://pagead2.googlesyndication.com/pagead/managed/js/activeview/current/ufs_web_display.js:90:698
n.next@https://pagead2.googlesyndication.com/pagead/managed/js/activeview/current/ufs_web_display.js:79:899
n.s@https://pagead2.googlesyndication.com/pagead/managed/js/activeview/current/ufs_web_display.js:80:223
n.next@https://pagead2.googlesyndication.com/pagead/managed/js/activeview/current/ufs_web_display.js:79:899
Ko/</h/<@https://pagead2.googlesyndication.com/pagead/managed/js/activeview/current/ufs_web_display.js:258:1969
Va@https://pagead2.googlesyndication.com/pagead/managed/js/activeview/current/ufs_web_display.js:47:339
Sa.prototype.flush@https://pagead2.googlesyndication.com/pagead/managed/js/activeview/current/ufs_web_display.js:47:147
Ua@https://pagead2.googlesyndication.com/pagead/managed/js/activeview/current/ufs_web_display.js:46:466
Ai/c/</<@https://pagead2.googlesyndication.com/pagead/managed/js/activeview/current/ufs_web_display.js:156:292
n.next@https://pagead2.googlesyndication.com/pagead/managed/js/activeview/current/ufs_web_display.js:81:424
n.s@https://pagead2.googlesyndication.com/pagead/managed/js/activeview/current/ufs_web_display.js:80:223
n.next@https://pagead2.googlesyndication.com/pagead/managed/js/activeview/current/ufs_web_display.js:79:899
Ah/</</</<@https://pagead2.googlesyndication.com/pagead/managed/js/activeview/current/ufs_web_display.js:139:516
Ra.prototype.bc/<@https://pagead2.googlesyndication.com/pagead/managed/js/activeview/current/ufs_web_display.js:46:298
Ah/</</<@https://pagead2.googlesyndication.com/pagead/managed/js/activeview/current/ufs_web_display.js:139:525
n.next@https://pagead2.googlesyndication.com/pagead/managed/js/activeview/current/ufs_web_display.js:81:424
n.s@https://pagead2.googlesyndication.com/pagead/managed/js/activeview/current/ufs_web_display.js:80:223
n.next@https://pagead2.googlesyndication.com/pagead/managed/js/activeview/current/ufs_web_display.js:79:899
Ah/</</</<@https://pagead2.googlesyndication.com/pagead/managed/js/activeview/current/ufs_web_display.js:139:516
Ra.prototype.bc/<@https://pagead2.googlesyndication.com/pagead/managed/js/activeview/current/ufs_web_display.js:46:298
Ah/</</<@https://pagead2.googlesyndication.com/pagead/managed/js/activeview/current/ufs_web_display.js:139:525
n.next@https://pagead2.googlesyndication.com/pagead/managed/js/activeview/current/ufs_web_display.js:81:424
n.s@https://pagead2.googlesyndication.com/pagead/managed/js/activeview/current/ufs_web_display.js:80:223
n.next@https://pagead2.googlesyndication.com/pagead/managed/js/activeview/current/ufs_web_display.js:79:899
Xd/</<@https://pagead2.googlesyndication.com/pagead/managed/js/activeview/current/ufs_web_display.js:98:672

JavaScript error: , line 0: TypeError: NetworkError when attempting to fetch resource.
1712570540777	Marionette	WARN	Ignoring event 'DOMContentLoaded' because document has an invalid readyState of 'complete'.
JavaScript warning: https://pagead2.googlesyndication.com/bg/APV3dACaA-z2K_GiiKi9AtRZMcv8tkt2uQCJ7vSl1g4.js line 2 > eval line 1462 > eval line 1 > eval line 1 > eval, line 1: WEBGL_debug_renderer_info is deprecated in Firefox and will be removed. Please use RENDERER.
JavaScript warning: https://pagead2.googlesyndication.com/bg/APV3dACaA-z2K_GiiKi9AtRZMcv8tkt2uQCJ7vSl1g4.js line 2 > eval line 5443 > eval line 1 > eval line 1 > eval, line 1: WEBGL_debug_renderer_info is deprecated in Firefox and will be removed. Please use RENDERER.
JavaScript warning: https://pagead2.googlesyndication.com/bg/APV3dACaA-z2K_GiiKi9AtRZMcv8tkt2uQCJ7vSl1g4.js line 2 > eval line 4990 > eval line 1 > eval line 1 > eval, line 1: WEBGL_debug_renderer_info is deprecated in Firefox and will be removed. Please use RENDERER.
JavaScript warning: https://pagead2.googlesyndication.com/pagead/managed/js/adsense/m202404020101/slotcar_library_fy2021.js, line 126: Script terminated by timeout at:
qi/<@https://pagead2.googlesyndication.com/pagead/managed/js/adsense/m202404020101/slotcar_library_fy2021.js:126:389
zd/</<@https://pagead2.googlesyndication.com/pagead/managed/js/adsense/m202404020101/slotcar_library_fy2021.js:33:292
yd@https://pagead2.googlesyndication.com/pagead/managed/js/adsense/m202404020101/slotcar_library_fy2021.js:33:92
zd/<@https://pagead2.googlesyndication.com/pagead/managed/js/adsense/m202404020101/slotcar_library_fy2021.js:33:281

1712570551979	Marionette	INFO	Stopped listening on port 57640
Dynamically enable window occlusion 1
JavaScript error: , line 0: TypeError: NetworkError when attempting to fetch resource.
JavaScript error: , line 0: TypeError: NetworkError when attempting to fetch resource.
!!! error running onStopped callback: TypeError: callback is not a function
