1712573649277	geckodriver	INFO	Listening on 127.0.0.1:63690
1712573652358	mozrunner::runner	INFO	Running command: "C:\\Program Files\\Mozilla Firefox\\firefox.exe" "--marionette" "--remote-debugging-port" "63691" "--remote-allow-hosts" "localhost" "-no-remote" "-profile" "C:\\Users\\YASMIN~1.HIL\\AppData\\Local\\Temp\\rust_mozprofilebJTNWH"
console.warn: services.settings: Ignoring preference override of remote settings server
console.warn: services.settings: Allow by setting MOZ_REMOTE_SETTINGS_DEVTOOLS=1 in the environment
1712573652905	Marionette	INFO	Marionette enabled
Dynamically enable window occlusion 0
1712573653035	Marionette	INFO	Listening on port 63704
WebDriver BiDi listening on ws://127.0.0.1:63691
Read port: 63704
1712573653245	RemoteAgent	WARN	TLS certificate errors will be ignored for this session
DevTools listening on ws://127.0.0.1:63691/devtools/browser/83d53901-31e0-43e3-8ac5-52dad18cf1a1
1712573683132	addons.xpi	ERROR	System addon update list error SyntaxError: XMLHttpRequest.open: 'http://%(server)s/dummy-system-addons.xml' is not a valid URL.
JavaScript warning: https://diac--preprod.sandbox.my.site.com/beb2b/s/sfsites/auraFW/javascript/ZDROWDdLOGtXcTZqSWZiU19ZaDJFdzk4bkk0bVJhZGJCWE9mUC1IZXZRbmcyNDguMTAuNS01LjAuMTA/aura_prod.js, line 50: Script terminated by timeout at:
wrapDescriptor@https://diac--preprod.sandbox.my.site.com/beb2b/s/sfsites/auraFW/javascript/ZDROWDdLOGtXcTZqSWZiU19ZaDJFdzk4bkk0bVJhZGJCWE9mUC1IZXZRbmcyNDguMTAuNS01LjAuMTA/aura_prod.js:50:8433
getOwnPropertyDescriptor@https://diac--preprod.sandbox.my.site.com/beb2b/s/sfsites/auraFW/javascript/ZDROWDdLOGtXcTZqSWZiU19ZaDJFdzk4bkk0bVJhZGJCWE9mUC1IZXZRbmcyNDguMTAuNS01LjAuMTA/aura_prod.js:50:9783
buildSessionData@https://diac--preprod.sandbox.my.site.com/beb2b/resource/1701180846000/MainResources/scripts.js:11:33
@https://diac--preprod.sandbox.my.site.com/sfsites/c/resource/MainResources/pagescripts.js?v=3:47:46

1712574573725	Marionette	INFO	Stopped listening on port 63704
Dynamically enable window occlusion 1
!!! error running onStopped callback: TypeError: callback is not a function
