1713188288115	geckodriver	INFO	Listening on 127.0.0.1:56084
1713188291185	mozrunner::runner	INFO	Running command: "C:\\Program Files\\Mozilla Firefox\\firefox.exe" "--marionette" "--remote-debugging-port" "56085" "--remote-allow-hosts" "localhost" "-no-remote" "-profile" "C:\\Users\\YASMIN~1.HIL\\AppData\\Local\\Temp\\rust_mozprofileRGKhEK"
console.warn: services.settings: Ignoring preference override of remote settings server
console.warn: services.settings: Allow by setting MOZ_REMOTE_SETTINGS_DEVTOOLS=1 in the environment
1713188291966	Marionette	INFO	Marionette enabled
Dynamically enable window occlusion 0
1713188292156	Marionette	INFO	Listening on port 56099
WebDriver BiDi listening on ws://127.0.0.1:56085
Read port: 56099
1713188292476	RemoteAgent	WARN	TLS certificate errors will be ignored for this session
DevTools listening on ws://127.0.0.1:56085/devtools/browser/3edb4776-a028-44e9-ab1a-5369937a2723
1713188322287	addons.xpi	ERROR	System addon update list error SyntaxError: XMLHttpRequest.open: 'http://%(server)s/dummy-system-addons.xml' is not a valid URL.
JavaScript error: https://maps.googleapis.com/maps/api/js?key=AIzaSyCFxYg2m_5yuAYUxs90lEyZlqd7SOBHK5U, line 149: Error: Could not load "util".
JavaScript warning: https://diac--preprod.sandbox.my.site.com/lub2b/s/sfsites/auraFW/javascript/ZDROWDdLOGtXcTZqSWZiU19ZaDJFdzk4bkk0bVJhZGJCWE9mUC1IZXZRbmcyNDguMTAuNS01LjAuMTA/aura_prod.js line 319 > eval, line 44: Script terminated by timeout at:
getEventRouteProperties@https://diac--preprod.sandbox.my.site.com/libraries/siteforce/quarterbackLibrary.Spa.js:44:535
getEventRouteUrl@https://diac--preprod.sandbox.my.site.com/libraries/siteforce/quarterbackLibrary.Spa.js:45:34
validatePage@https://diac--preprod.sandbox.my.site.com/components/siteforce/baseApp.js:8:388
handlePageCreationSuccess@https://diac--preprod.sandbox.my.site.com/components/siteforce/baseApp.js:7:296
loadPage@https://diac--preprod.sandbox.my.site.com/components/siteforce/baseApp.js:6:451
changeView@https://diac--preprod.sandbox.my.site.com/components/siteforce/baseApp.js:3:153
changeView@https://diac--preprod.sandbox.my.site.com/components/siteforce/baseApp.js:2:101
K.prototype.Zc@https://diac--preprod.sandbox.my.site.com/lub2b/s/sfsites/auraFW/javascript/ZDROWDdLOGtXcTZqSWZiU19ZaDJFdzk4bkk0bVJhZGJCWE9mUC1IZXZRbmcyNDguMTAuNS01LjAuMTA/aura_prod.js:627:177
K.prototype.Wa@https://diac--preprod.sandbox.my.site.com/lub2b/s/sfsites/auraFW/javascript/ZDROWDdLOGtXcTZqSWZiU19ZaDJFdzk4bkk0bVJhZGJCWE9mUC1IZXZRbmcyNDguMTAuNS01LjAuMTA/aura_prod.js:626:306
D.Eq@https://diac--preprod.sandbox.my.site.com/lub2b/s/sfsites/auraFW/javascript/ZDROWDdLOGtXcTZqSWZiU19ZaDJFdzk4bkk0bVJhZGJCWE9mUC1IZXZRbmcyNDguMTAuNS01LjAuMTA/aura_prod.js:868:162
pG@https://diac--preprod.sandbox.my.site.com/lub2b/s/sfsites/auraFW/javascript/ZDROWDdLOGtXcTZqSWZiU19ZaDJFdzk4bkk0bVJhZGJCWE9mUC1IZXZRbmcyNDguMTAuNS01LjAuMTA/aura_prod.js:609:282
O.prototype.X/<@https://diac--preprod.sandbox.my.site.com/lub2b/s/sfsites/auraFW/javascript/ZDROWDdLOGtXcTZqSWZiU19ZaDJFdzk4bkk0bVJhZGJCWE9mUC1IZXZRbmcyNDguMTAuNS01LjAuMTA/aura_prod.js:610:103
D.Wa@https://diac--preprod.sandbox.my.site.com/lub2b/s/sfsites/auraFW/javascript/ZDROWDdLOGtXcTZqSWZiU19ZaDJFdzk4bkk0bVJhZGJCWE9mUC1IZXZRbmcyNDguMTAuNS01LjAuMTA/aura_prod.js:985:221
O.prototype.X@https://diac--preprod.sandbox.my.site.com/lub2b/s/sfsites/auraFW/javascript/ZDROWDdLOGtXcTZqSWZiU19ZaDJFdzk4bkk0bVJhZGJCWE9mUC1IZXZRbmcyNDguMTAuNS01LjAuMTA/aura_prod.js:610:80
notifyViewContextChange/l<@https://diac--preprod.sandbox.my.site.com/libraries/siteforce/quarterbackLibrary.Spa.js:40:316
b@https://diac--preprod.sandbox.my.site.com/lub2b/s/sfsites/auraFW/javascript/ZDROWDdLOGtXcTZqSWZiU19ZaDJFdzk4bkk0bVJhZGJCWE9mUC1IZXZRbmcyNDguMTAuNS01LjAuMTA/aura_prod.js:981:72
e/<@https://diac--preprod.sandbox.my.site.com/libraries/siteforce/quarterbackLibrary.ProgressivePageLoader.js:5:434
l/<@https://diac--preprod.sandbox.my.site.com/libraries/siteforce/quarterbackLibrary.PageLoader.js:4:148
W.prototype.Bb@https://diac--preprod.sandbox.my.site.com/lub2b/s/sfsites/auraFW/javascript/ZDROWDdLOGtXcTZqSWZiU19ZaDJFdzk4bkk0bVJhZGJCWE9mUC1IZXZRbmcyNDguMTAuNS01LjAuMTA/aura_prod.js:816:162
lI@https://diac--preprod.sandbox.my.site.com/lub2b/s/sfsites/auraFW/javascript/ZDROWDdLOGtXcTZqSWZiU19ZaDJFdzk4bkk0bVJhZGJCWE9mUC1IZXZRbmcyNDguMTAuNS01LjAuMTA/aura_prod.js:814:137
W.prototype.fg@https://diac--preprod.sandbox.my.site.com/lub2b/s/sfsites/auraFW/javascript/ZDROWDdLOGtXcTZqSWZiU19ZaDJFdzk4bkk0bVJhZGJCWE9mUC1IZXZRbmcyNDguMTAuNS01LjAuMTA/aura_prod.js:784:273
l@https://diac--preprod.sandbox.my.site.com/libraries/siteforce/quarterbackLibrary.PageLoader.js:3:7
p/<@https://diac--preprod.sandbox.my.site.com/libraries/siteforce/quarterbackLibrary.PageLoader.js:7:115
b@https://diac--preprod.sandbox.my.site.com/lub2b/s/sfsites/auraFW/javascript/ZDROWDdLOGtXcTZqSWZiU19ZaDJFdzk4bkk0bVJhZGJCWE9mUC1IZXZRbmcyNDguMTAuNS01LjAuMTA/aura_prod.js:981:72
K.prototype.Gw@https://diac--preprod.sandbox.my.site.com/lub2b/s/sfsites/auraFW/javascript/ZDROWDdLOGtXcTZqSWZiU19ZaDJFdzk4bkk0bVJhZGJCWE9mUC1IZXZRbmcyNDguMTAuNS01LjAuMTA/aura_prod.js:634:88
K.prototype.Oc@https://diac--preprod.sandbox.my.site.com/lub2b/s/sfsites/auraFW/javascript/ZDROWDdLOGtXcTZqSWZiU19ZaDJFdzk4bkk0bVJhZGJCWE9mUC1IZXZRbmcyNDguMTAuNS01LjAuMTA/aura_prod.js:632:60
D.Jp@https://diac--preprod.sandbox.my.site.com/lub2b/s/sfsites/auraFW/javascript/ZDROWDdLOGtXcTZqSWZiU19ZaDJFdzk4bkk0bVJhZGJCWE9mUC1IZXZRbmcyNDguMTAuNS01LjAuMTA/aura_prod.js:1047:167
AD.prototype.Ql@https://diac--preprod.sandbox.my.site.com/lub2b/s/sfsites/auraFW/javascript/ZDROWDdLOGtXcTZqSWZiU19ZaDJFdzk4bkk0bVJhZGJCWE9mUC1IZXZRbmcyNDguMTAuNS01LjAuMTA/aura_prod.js:380:255
BD/b<@https://diac--preprod.sandbox.my.site.com/lub2b/s/sfsites/auraFW/javascript/ZDROWDdLOGtXcTZqSWZiU19ZaDJFdzk4bkk0bVJhZGJCWE9mUC1IZXZRbmcyNDguMTAuNS01LjAuMTA/aura_prod.js:379:130
oH@https://diac--preprod.sandbox.my.site.com/lub2b/s/sfsites/auraFW/javascript/ZDROWDdLOGtXcTZqSWZiU19ZaDJFdzk4bkk0bVJhZGJCWE9mUC1IZXZRbmcyNDguMTAuNS01LjAuMTA/aura_prod.js:703:354
D.Iz@https://diac--preprod.sandbox.my.site.com/lub2b/s/sfsites/auraFW/javascript/ZDROWDdLOGtXcTZqSWZiU19ZaDJFdzk4bkk0bVJhZGJCWE9mUC1IZXZRbmcyNDguMTAuNS01LjAuMTA/aura_prod.js:759:176
D.yk@https://diac--preprod.sandbox.my.site.com/lub2b/s/sfsites/auraFW/javascript/ZDROWDdLOGtXcTZqSWZiU19ZaDJFdzk4bkk0bVJhZGJCWE9mUC1IZXZRbmcyNDguMTAuNS01LjAuMTA/aura_prod.js:757:50
D.Op@https://diac--preprod.sandbox.my.site.com/lub2b/s/sfsites/auraFW/javascript/ZDROWDdLOGtXcTZqSWZiU19ZaDJFdzk4bkk0bVJhZGJCWE9mUC1IZXZRbmcyNDguMTAuNS01LjAuMTA/aura_prod.js:1048:302
AD.prototype.Ql@https://diac--preprod.sandbox.my.site.com/lub2b/s/sfsites/auraFW/javascript/ZDROWDdLOGtXcTZqSWZiU19ZaDJFdzk4bkk0bVJhZGJCWE9mUC1IZXZRbmcyNDguMTAuNS01LjAuMTA/aura_prod.js:380:255
ls@https://diac--preprod.sandbox.my.site.com/lub2b/s/sfsites/auraFW/javascript/ZDROWDdLOGtXcTZqSWZiU19ZaDJFdzk4bkk0bVJhZGJCWE9mUC1IZXZRbmcyNDguMTAuNS01LjAuMTA/aura_prod.js:1043:392
AD.prototype.Ql@https://diac--preprod.sandbox.my.site.com/lub2b/s/sfsites/auraFW/javascript/ZDROWDdLOGtXcTZqSWZiU19ZaDJFdzk4bkk0bVJhZGJCWE9mUC1IZXZRbmcyNDguMTAuNS01LjAuMTA/aura_prod.js:380:255
AD.prototype.start@https://diac--preprod.sandbox.my.site.com/lub2b/s/sfsites/auraFW/javascript/ZDROWDdLOGtXcTZqSWZiU19ZaDJFdzk4bkk0bVJhZGJCWE9mUC1IZXZRbmcyNDguMTAuNS01LjAuMTA/aura_prod.js:379:313
D.Bk@https://diac--preprod.sandbox.my.site.com/lub2b/s/sfsites/auraFW/javascript/ZDROWDdLOGtXcTZqSWZiU19ZaDJFdzk4bkk0bVJhZGJCWE9mUC1IZXZRbmcyNDguMTAuNS01LjAuMTA/aura_prod.js:753:170
kK.prototype.qs@https://diac--preprod.sandbox.my.site.com/lub2b/s/sfsites/auraFW/javascript/ZDROWDdLOGtXcTZqSWZiU19ZaDJFdzk4bkk0bVJhZGJCWE9mUC1IZXZRbmcyNDguMTAuNS01LjAuMTA/aura_prod.js:1039:501
AD.prototype.Ql@https://diac--preprod.sandbox.my.site.com/lub2b/s/sfsites/auraFW/javascript/ZDROWDdLOGtXcTZqSWZiU19ZaDJFdzk4bkk0bVJhZGJCWE9mUC1IZXZRbmcyNDguMTAuNS01LjAuMTA/aura_prod.js:380:255
AD.prototype.start@https://diac--preprod.sandbox.my.site.com/lub2b/s/sfsites/auraFW/javascript/ZDROWDdLOGtXcTZqSWZiU19ZaDJFdzk4bkk0bVJhZGJCWE9mUC1IZXZRbmcyNDguMTAuNS01LjAuMTA/aura_prod.js:379:313
D.rs@https://diac--preprod.sandbox.my.site.com/lub2b/s/sfsites/auraFW/javascript/ZDROWDdLOGtXcTZqSWZiU19ZaDJFdzk4bkk0bVJhZGJCWE9mUC1IZXZRbmcyNDguMTAuNS01LjAuMTA/aura_prod.js:752:200
k@https://diac--preprod.sandbox.my.site.com/lub2b/s/sfsites/auraFW/javascript/ZDROWDdLOGtXcTZqSWZiU19ZaDJFdzk4bkk0bVJhZGJCWE9mUC1IZXZRbmcyNDguMTAuNS01LjAuMTA/aura_prod.js:691:203
b@https://diac--preprod.sandbox.my.site.com/lub2b/s/sfsites/auraFW/javascript/ZDROWDdLOGtXcTZqSWZiU19ZaDJFdzk4bkk0bVJhZGJCWE9mUC1IZXZRbmcyNDguMTAuNS01LjAuMTA/aura_prod.js:981:72

1713188343883	Marionette	INFO	Stopped listening on port 56099
Dynamically enable window occlusion 1
console.error: services.settings: 
  Message: NetworkError: Network error: TypeError: NetworkError: Network request failed
  Stack:
    APIError@resource://services-settings/RemoteSettingsClient.sys.mjs:107:1
NetworkError@resource://services-settings/RemoteSettingsClient.sys.mjs:111:5
_adjustedError@resource://services-settings/RemoteSettingsClient.sys.mjs:911:14
maybeSync@resource://services-settings/RemoteSettingsClient.sys.mjs:816:38

!!! error running onStopped callback: TypeError: callback is not a function
console.error: (new AbortError("IndexedDB: main/rally-studies-v1 getLastModified() IndexedDB:  execute() A request was aborted, for example through a call to IDBTransaction.abort.", "resource://services-settings/IDBHelpers.sys.mjs", 16))
