1712675531145	geckodriver	INFO	Listening on 127.0.0.1:64607
1712675534230	mozrunner::runner	INFO	Running command: "C:\\Program Files\\Mozilla Firefox\\firefox.exe" "--marionette" "--remote-debugging-port" "64608" "--remote-allow-hosts" "localhost" "-no-remote" "-profile" "C:\\Users\\YASMIN~1.HIL\\AppData\\Local\\Temp\\rust_mozprofilepLp0Wq"
console.warn: services.settings: Ignoring preference override of remote settings server
console.warn: services.settings: Allow by setting MOZ_REMOTE_SETTINGS_DEVTOOLS=1 in the environment
1712675534938	Marionette	INFO	Marionette enabled
Dynamically enable window occlusion 0
1712675535144	Marionette	INFO	Listening on port 64624
WebDriver BiDi listening on ws://127.0.0.1:64608
Read port: 64624
1712675535410	RemoteAgent	WARN	TLS certificate errors will be ignored for this session
DevTools listening on ws://127.0.0.1:64608/devtools/browser/f4069676-57d9-41a6-895a-ba4ffba43bce
JavaScript error: https://yopmail.com/fr/domain?d=some, line 1: TypeError: window.parent.Gelt is not a function
JavaScript error: https://yopmail.com/fr/, line 1: ReferenceError: CptonKeyUp is not defined
JavaScript error: https://yopmail.com/fr/, line 1: ReferenceError: CptonKeyUp is not defined
JavaScript error: https://yopmail.com/fr/, line 1: ReferenceError: CptonKeyUp is not defined
JavaScript error: https://yopmail.com/fr/, line 1: ReferenceError: CptonKeyUp is not defined
JavaScript error: https://yopmail.com/fr/, line 1: ReferenceError: CptonKeyUp is not defined
JavaScript error: https://yopmail.com/fr/, line 1: ReferenceError: CptonKeyUp is not defined
JavaScript error: https://yopmail.com/fr/, line 1: ReferenceError: CptonKeyUp is not defined
console.warn: LoginRecipes: "Falling back to a synchronous message for: https://yopmail.com."
JavaScript error: https://yopmail.com/fr/, line 1: ReferenceError: chkl is not defined
JavaScript error: https://yopmail.com/fr/, line 1: ReferenceError: chkl is not defined
1712675544778	Marionette	WARN	Ignoring event 'DOMContentLoaded' because document has an invalid readyState of 'complete'.
1712675545857	Marionette	INFO	Stopped listening on port 64624
JavaScript warning: https://yopmail.com/ver/9.2/webmail.js, line 1: Script terminated by timeout at:
refr/nIId<@https://yopmail.com/ver/9.2/webmail.js:1:10704

Dynamically enable window occlusion 1
