1713254581764	geckodriver	INFO	Listening on 127.0.0.1:51586
1713254584830	mozrunner::runner	INFO	Running command: "C:\\Program Files\\Mozilla Firefox\\firefox.exe" "--marionette" "--remote-debugging-port" "51587" "--remote-allow-hosts" "localhost" "-no-remote" "-profile" "C:\\Users\\YASMIN~1.HIL\\AppData\\Local\\Temp\\rust_mozprofileGsweju"
console.warn: services.settings: Ignoring preference override of remote settings server
console.warn: services.settings: Allow by setting MOZ_REMOTE_SETTINGS_DEVTOOLS=1 in the environment
1713254585516	Marionette	INFO	Marionette enabled
Dynamically enable window occlusion 0
1713254585724	Marionette	INFO	Listening on port 51597
WebDriver BiDi listening on ws://127.0.0.1:51587
Read port: 51597
1713254585998	RemoteAgent	WARN	TLS certificate errors will be ignored for this session
DevTools listening on ws://127.0.0.1:51587/devtools/browser/2d14d379-5c9f-4d0f-a7b7-5b33713d2555
JavaScript error: https://yopmail.com/fr/domain?d=some, line 1: TypeError: window.parent.Gelt is not a function
JavaScript error: https://yopmail.com/fr/, line 1: ReferenceError: CptonKeyUp is not defined
JavaScript error: https://yopmail.com/fr/, line 1: ReferenceError: CptonKeyUp is not defined
JavaScript error: https://yopmail.com/fr/, line 1: ReferenceError: CptonKeyUp is not defined
JavaScript error: https://yopmail.com/fr/, line 1: ReferenceError: CptonKeyUp is not defined
JavaScript error: https://yopmail.com/fr/, line 1: ReferenceError: CptonKeyUp is not defined
JavaScript error: https://yopmail.com/fr/, line 1: ReferenceError: CptonKeyUp is not defined
JavaScript error: https://yopmail.com/fr/, line 1: ReferenceError: CptonKeyUp is not defined
console.warn: LoginRecipes: "Falling back to a synchronous message for: https://yopmail.com."
JavaScript error: https://yopmail.com/fr/, line 1: ReferenceError: chkl is not defined
JavaScript error: https://yopmail.com/fr/, line 1: ReferenceError: chkl is not defined
1713254595311	Marionette	WARN	Ignoring event 'DOMContentLoaded' because document has an invalid readyState of 'complete'.
1713254596622	Marionette	INFO	Stopped listening on port 51597
JavaScript warning: https://yopmail.com/ver/9.2/webmail.js, line 1: Script terminated by timeout at:
refr/nIId<@https://yopmail.com/ver/9.2/webmail.js:1:10644

Dynamically enable window occlusion 1
