1712670980761	geckodriver	INFO	Listening on 127.0.0.1:54323
1712670983829	mozrunner::runner	INFO	Running command: "C:\\Program Files\\Mozilla Firefox\\firefox.exe" "--marionette" "--remote-debugging-port" "54324" "--remote-allow-hosts" "localhost" "-no-remote" "-profile" "C:\\Users\\YASMIN~1.HIL\\AppData\\Local\\Temp\\rust_mozprofile6xOc0J"
console.warn: services.settings: Ignoring preference override of remote settings server
console.warn: services.settings: Allow by setting MOZ_REMOTE_SETTINGS_DEVTOOLS=1 in the environment
1712670984550	Marionette	INFO	Marionette enabled
Dynamically enable window occlusion 0
1712670984755	Marionette	INFO	Listening on port 54337
WebDriver BiDi listening on ws://127.0.0.1:54324
Read port: 54337
1712670985108	RemoteAgent	WARN	TLS certificate errors will be ignored for this session
DevTools listening on ws://127.0.0.1:54324/devtools/browser/e4879e58-dcf4-4f8d-bf9e-e3800e71237f
1712671016052	addons.xpi	ERROR	System addon update list error SyntaxError: XMLHttpRequest.open: 'http://%(server)s/dummy-system-addons.xml' is not a valid URL.
1712671017146	Marionette	INFO	Stopped listening on port 54337
Dynamically enable window occlusion 1
!!! error running onStopped callback: TypeError: callback is not a function
console.warn: services.settings: main/search-config-icons sync interrupted by shutdown
console.warn: services.settings: main/search-telemetry-v2 sync interrupted by shutdown
console.warn: services.settings: main/search-config-overrides sync interrupted by shutdown
console.warn: services.settings: main/partitioning-exempt-urls sync interrupted by shutdown
console.error: (new AbortError("IndexedDB: main/translations-wasm getLastModified() IndexedDB:  execute() A request was aborted, for example through a call to IDBTransaction.abort.", "resource://services-settings/IDBHelpers.sys.mjs", 16))
