1712883311950	geckodriver	INFO	Listening on 127.0.0.1:52394
1712883315020	mozrunner::runner	INFO	Running command: "C:\\Program Files\\Mozilla Firefox\\firefox.exe" "--marionette" "--remote-debugging-port" "52395" "--remote-allow-hosts" "localhost" "-no-remote" "-profile" "C:\\Users\\YASMIN~1.HIL\\AppData\\Local\\Temp\\rust_mozprofilewrCLKh"
console.warn: services.settings: Ignoring preference override of remote settings server
console.warn: services.settings: Allow by setting MOZ_REMOTE_SETTINGS_DEVTOOLS=1 in the environment
1712883315555	Marionette	INFO	Marionette enabled
Dynamically enable window occlusion 0
1712883315667	Marionette	INFO	Listening on port 52402
WebDriver BiDi listening on ws://127.0.0.1:52395
Read port: 52402
1712883315873	RemoteAgent	WARN	TLS certificate errors will be ignored for this session
DevTools listening on ws://127.0.0.1:52395/devtools/browser/8e6eea28-1ed5-4e5e-a847-e57159b52f28
JavaScript warning: https://pagead2.googlesyndication.com/bg/L0LConaBzCc577BZGNgzP3bg87fF5vhB9-a07M4Tw6o.js line 2 > eval line 365 > eval line 1 > eval line 1 > eval, line 1: WEBGL_debug_renderer_info is deprecated in Firefox and will be removed. Please use RENDERER.
JavaScript warning: https://pagead2.googlesyndication.com/pagead/managed/js/adsense/m202404090201/slotcar_library_fy2021.js?bust=31082657, line 126: Script terminated by timeout at:
qi/<@https://pagead2.googlesyndication.com/pagead/managed/js/adsense/m202404090201/slotcar_library_fy2021.js?bust=31082657:126:389
zd/</<@https://pagead2.googlesyndication.com/pagead/managed/js/adsense/m202404090201/slotcar_library_fy2021.js?bust=31082657:33:292
yd@https://pagead2.googlesyndication.com/pagead/managed/js/adsense/m202404090201/slotcar_library_fy2021.js?bust=31082657:33:92
zd/<@https://pagead2.googlesyndication.com/pagead/managed/js/adsense/m202404090201/slotcar_library_fy2021.js?bust=31082657:33:281

1712883329734	Marionette	INFO	Stopped listening on port 52402
Dynamically enable window occlusion 1
JavaScript error: , line 0: TypeError: NetworkError when attempting to fetch resource.
