1713177195220	geckodriver	INFO	Listening on 127.0.0.1:53687
1713177198256	mozrunner::runner	INFO	Running command: "C:\\Program Files\\Mozilla Firefox\\firefox.exe" "--marionette" "--remote-debugging-port" "53688" "--remote-allow-hosts" "localhost" "-no-remote" "-profile" "C:\\Users\\YASMIN~1.HIL\\AppData\\Local\\Temp\\rust_mozprofile1VUqQi"
console.warn: services.settings: Ignoring preference override of remote settings server
console.warn: services.settings: Allow by setting MOZ_REMOTE_SETTINGS_DEVTOOLS=1 in the environment
1713177198790	Marionette	INFO	Marionette enabled
Dynamically enable window occlusion 0
1713177198915	Marionette	INFO	Listening on port 53700
WebDriver BiDi listening on ws://127.0.0.1:53688
Read port: 53700
1713177199104	RemoteAgent	WARN	TLS certificate errors will be ignored for this session
DevTools listening on ws://127.0.0.1:53688/devtools/browser/d247408f-0798-455d-a793-3339374072c4
1713177230508	addons.xpi	ERROR	System addon update list error SyntaxError: XMLHttpRequest.open: 'http://%(server)s/dummy-system-addons.xml' is not a valid URL.
console.error: services.settings: 
  Message: StorageError: Storage error: AbortError: IndexedDB: main/doh-providers importChanges() IndexedDB:  importChanges() in main/doh-providers A request was aborted, for example through a call to IDBTransaction.abort.
  Stack:
    StorageError@resource://services-settings/RemoteSettingsClient.sys.mjs:153:5
_adjustedError@resource://services-settings/RemoteSettingsClient.sys.mjs:928:14
maybeSync@resource://services-settings/RemoteSettingsClient.sys.mjs:816:38

console.log: "RemoteSettingsWorker error: AbortError: IndexedDB:  execute() A request was aborted, for example through a call to IDBTransaction.abort."
console.error: (new RemoteSettingsWorkerError("AbortError: IndexedDB:  execute() A request was aborted, for example through a call to IDBTransaction.abort.", "resource://services-settings/RemoteSettingsWorker.sys.mjs", 34))
console.error: (new StorageError("Storage error: AbortError: IndexedDB: main/doh-providers importChanges() IndexedDB:  importChanges() in main/doh-providers A request was aborted, for example through a call to IDBTransaction.abort.", "resource://services-settings/RemoteSettingsClient.sys.mjs", 153))
JavaScript warning: https://diac--preprod.sandbox.my.site.com/lub2b/s/sfsites/auraFW/javascript/ZDROWDdLOGtXcTZqSWZiU19ZaDJFdzk4bkk0bVJhZGJCWE9mUC1IZXZRbmcyNDguMTAuNS01LjAuMTA/aura_prod.js, line 29: Script terminated by timeout at:
t@https://diac--preprod.sandbox.my.site.com/lub2b/s/sfsites/auraFW/javascript/ZDROWDdLOGtXcTZqSWZiU19ZaDJFdzk4bkk0bVJhZGJCWE9mUC1IZXZRbmcyNDguMTAuNS01LjAuMTA/aura_prod.js:29:5668

1713177257791	Marionette	INFO	Stopped listening on port 53700
Dynamically enable window occlusion 1
!!! error running onStopped callback: TypeError: callback is not a function
