1712587138766	geckodriver	INFO	Listening on 127.0.0.1:60834
1712587141841	mozrunner::runner	INFO	Running command: "C:\\Program Files\\Mozilla Firefox\\firefox.exe" "--marionette" "--remote-debugging-port" "60835" "--remote-allow-hosts" "localhost" "-no-remote" "-profile" "C:\\Users\\YASMIN~1.HIL\\AppData\\Local\\Temp\\rust_mozprofileN2nYhu"
console.warn: services.settings: Ignoring preference override of remote settings server
console.warn: services.settings: Allow by setting MOZ_REMOTE_SETTINGS_DEVTOOLS=1 in the environment
1712587142703	Marionette	INFO	Marionette enabled
Dynamically enable window occlusion 0
1712587142906	Marionette	INFO	Listening on port 60842
WebDriver BiDi listening on ws://127.0.0.1:60835
Read port: 60842
1712587143288	RemoteAgent	WARN	TLS certificate errors will be ignored for this session
DevTools listening on ws://127.0.0.1:60835/devtools/browser/5672e192-91e0-4984-8c6d-af623611edcf
1712587153431	Marionette	WARN	Ignoring event 'pageshow' because document has an invalid readyState of 'uninitialized'.
console.warn: LoginRecipes: "Falling back to a synchronous message for: https://yopmail.com."
JavaScript warning: https://pagead2.googlesyndication.com/pagead/managed/js/activeview/current/ufs_web_display.js, line 47: Script terminated by timeout at:
Va@https://pagead2.googlesyndication.com/pagead/managed/js/activeview/current/ufs_web_display.js:47:302
Sa.prototype.flush@https://pagead2.googlesyndication.com/pagead/managed/js/activeview/current/ufs_web_display.js:47:127
Ua@https://pagead2.googlesyndication.com/pagead/managed/js/activeview/current/ufs_web_display.js:46:466
Ai/c/</<@https://pagead2.googlesyndication.com/pagead/managed/js/activeview/current/ufs_web_display.js:156:292
n.next@https://pagead2.googlesyndication.com/pagead/managed/js/activeview/current/ufs_web_display.js:81:424
n.s@https://pagead2.googlesyndication.com/pagead/managed/js/activeview/current/ufs_web_display.js:80:223
n.next@https://pagead2.googlesyndication.com/pagead/managed/js/activeview/current/ufs_web_display.js:79:899
Ah/</</</<@https://pagead2.googlesyndication.com/pagead/managed/js/activeview/current/ufs_web_display.js:139:516
Ra.prototype.bc/<@https://pagead2.googlesyndication.com/pagead/managed/js/activeview/current/ufs_web_display.js:46:298
Ah/</</<@https://pagead2.googlesyndication.com/pagead/managed/js/activeview/current/ufs_web_display.js:139:525
n.next@https://pagead2.googlesyndication.com/pagead/managed/js/activeview/current/ufs_web_display.js:81:424
n.s@https://pagead2.googlesyndication.com/pagead/managed/js/activeview/current/ufs_web_display.js:80:223
n.next@https://pagead2.googlesyndication.com/pagead/managed/js/activeview/current/ufs_web_display.js:79:899
Ah/</</</<@https://pagead2.googlesyndication.com/pagead/managed/js/activeview/current/ufs_web_display.js:139:516
Ra.prototype.bc/<@https://pagead2.googlesyndication.com/pagead/managed/js/activeview/current/ufs_web_display.js:46:298
Ah/</</<@https://pagead2.googlesyndication.com/pagead/managed/js/activeview/current/ufs_web_display.js:139:525
n.next@https://pagead2.googlesyndication.com/pagead/managed/js/activeview/current/ufs_web_display.js:81:424
n.s@https://pagead2.googlesyndication.com/pagead/managed/js/activeview/current/ufs_web_display.js:80:223
n.next@https://pagead2.googlesyndication.com/pagead/managed/js/activeview/current/ufs_web_display.js:79:899
Xd/</<@https://pagead2.googlesyndication.com/pagead/managed/js/activeview/current/ufs_web_display.js:98:672

1712587153858	Marionette	WARN	Ignoring event 'DOMContentLoaded' because document has an invalid readyState of 'complete'.
JavaScript warning: https://pagead2.googlesyndication.com/bg/APV3dACaA-z2K_GiiKi9AtRZMcv8tkt2uQCJ7vSl1g4.js line 2 > eval line 2116 > eval line 1 > eval line 1 > eval, line 1: WEBGL_debug_renderer_info is deprecated in Firefox and will be removed. Please use RENDERER.
JavaScript warning: https://pagead2.googlesyndication.com/bg/APV3dACaA-z2K_GiiKi9AtRZMcv8tkt2uQCJ7vSl1g4.js line 2 > eval line 6102 > eval line 1 > eval line 1 > eval, line 1: WEBGL_debug_renderer_info is deprecated in Firefox and will be removed. Please use RENDERER.
1712587156320	Marionette	INFO	Stopped listening on port 60842
JavaScript warning: https://pagead2.googlesyndication.com/bg/APV3dACaA-z2K_GiiKi9AtRZMcv8tkt2uQCJ7vSl1g4.js line 2 > eval line 2116 > eval line 1 > eval line 1 > eval, line 1: Script terminated by timeout at:
V@https://pagead2.googlesyndication.com/bg/APV3dACaA-z2K_GiiKi9AtRZMcv8tkt2uQCJ7vSl1g4.js line 2 > eval line 2116 > eval line 1 > eval line 1 > eval:1:25
fz@https://pagead2.googlesyndication.com/bg/APV3dACaA-z2K_GiiKi9AtRZMcv8tkt2uQCJ7vSl1g4.js line 2 > eval line 2116 > eval line 1 > eval line 1 > eval:1:197
z@https://pagead2.googlesyndication.com/bg/APV3dACaA-z2K_GiiKi9AtRZMcv8tkt2uQCJ7vSl1g4.js line 2 > eval line 2116 > eval line 1 > eval line 1 > eval:1:527
Do@https://pagead2.googlesyndication.com/bg/APV3dACaA-z2K_GiiKi9AtRZMcv8tkt2uQCJ7vSl1g4.js line 2 > eval line 2116 > eval line 1 > eval line 1 > eval:1:155
Vc@https://pagead2.googlesyndication.com/bg/APV3dACaA-z2K_GiiKi9AtRZMcv8tkt2uQCJ7vSl1g4.js line 2 > eval line 2116 > eval line 1 > eval line 1 > eval:1:42
J.G</<@https://pagead2.googlesyndication.com/bg/APV3dACaA-z2K_GiiKi9AtRZMcv8tkt2uQCJ7vSl1g4.js line 2 > eval:2116:38572
Gb@https://pagead2.googlesyndication.com/bg/APV3dACaA-z2K_GiiKi9AtRZMcv8tkt2uQCJ7vSl1g4.js line 2 > eval:2116:23622
k_@https://pagead2.googlesyndication.com/bg/APV3dACaA-z2K_GiiKi9AtRZMcv8tkt2uQCJ7vSl1g4.js line 2 > eval:2116:192
x@https://pagead2.googlesyndication.com/bg/APV3dACaA-z2K_GiiKi9AtRZMcv8tkt2uQCJ7vSl1g4.js line 2 > eval:2116:11292
k_/<@https://pagead2.googlesyndication.com/bg/APV3dACaA-z2K_GiiKi9AtRZMcv8tkt2uQCJ7vSl1g4.js line 2 > eval:2116:256
QF</<@https://pagead2.googlesyndication.com/bg/APV3dACaA-z2K_GiiKi9AtRZMcv8tkt2uQCJ7vSl1g4.js line 2 > eval:2116:35963

JavaScript warning: https://tpc.googlesyndication.com/sodar/sodar2.js, line 35: Script terminated by timeout at:
Ha/this.i</b.port.onmessage@https://tpc.googlesyndication.com/sodar/sodar2.js:35:374

JavaScript warning: https://pagead2.googlesyndication.com/pagead/managed/js/activeview/current/ufs_web_display.js, line 14: Script terminated by timeout at:
x@https://pagead2.googlesyndication.com/pagead/managed/js/activeview/current/ufs_web_display.js:14:248
Ra.prototype.bc/<@https://pagead2.googlesyndication.com/pagead/managed/js/activeview/current/ufs_web_display.js:46:263

Dynamically enable window occlusion 1
JavaScript error: , line 0: TypeError: NetworkError when attempting to fetch resource.
JavaScript error: , line 0: TypeError: NetworkError when attempting to fetch resource.
JavaScript error: , line 0: TypeError: NetworkError when attempting to fetch resource.
JavaScript error: , line 0: TypeError: NetworkError when attempting to fetch resource.
