1712061181803	geckodriver	INFO	Listening on 127.0.0.1:50298
1712061184869	mozrunner::runner	INFO	Running command: "C:\\Program Files\\Mozilla Firefox\\firefox.exe" "--marionette" "--remote-debugging-port" "50299" "--remote-allow-hosts" "localhost" "-no-remote" "-profile" "C:\\Users\\YASMIN~1.HIL\\AppData\\Local\\Temp\\rust_mozprofilehOA3U7"
console.warn: services.settings: Ignoring preference override of remote settings server
console.warn: services.settings: Allow by setting MOZ_REMOTE_SETTINGS_DEVTOOLS=1 in the environment
1712061185605	Marionette	INFO	Marionette enabled
Dynamically enable window occlusion 0
1712061185853	Marionette	INFO	Listening on port 50323
WebDriver BiDi listening on ws://127.0.0.1:50299
Read port: 50323
1712061186184	RemoteAgent	WARN	TLS certificate errors will be ignored for this session
DevTools listening on ws://127.0.0.1:50299/devtools/browser/396b094d-dee1-453a-b448-0739312469d1
1712061215760	addons.xpi	ERROR	System addon update list error SyntaxError: XMLHttpRequest.open: 'http://%(server)s/dummy-system-addons.xml' is not a valid URL.
JavaScript warning: https://diac--preprod.sandbox.my.site.com/beb2b/s/sfsites/auraFW/javascript/VXZJYkJtTFAtX2RjOGFiVmZaelpqQTk4bkk0bVJhZGJCWE9mUC1IZXZRbmcyNDguMTAuNS01LjAuMTA/aura_prod.js line 319 > eval, line 1: Script terminated by timeout at:
_multiplex@https://diac--preprod.sandbox.my.site.com/components/o11y/client.js:1:52151
addLog@https://diac--preprod.sandbox.my.site.com/components/o11y/client.js:1:52079
_logInternal@https://diac--preprod.sandbox.my.site.com/components/o11y/client.js:1:33629
log/<@https://diac--preprod.sandbox.my.site.com/components/o11y/client.js:1:33507
tryCatch@https://diac--preprod.sandbox.my.site.com/components/o11y/shared.js:1:12107
log@https://diac--preprod.sandbox.my.site.com/components/o11y/client.js:1:33197
navFromPage@https://diac--preprod.sandbox.my.site.com/components/instrumentation/o11ySupport.js:1:7667
notify/<@https://diac--preprod.sandbox.my.site.com/components/instrumentation/utility.js:1:4491
notify@https://diac--preprod.sandbox.my.site.com/components/instrumentation/utility.js:1:4478
navFromPage@https://diac--preprod.sandbox.my.site.com/libraries/instrumentation/beaconLib.BeaconLibrary.js:22:15
onWindowClose@https://diac--preprod.sandbox.my.site.com/libraries/instrumentation/beaconLib.BeaconLibrary.js:15:108
b@https://diac--preprod.sandbox.my.site.com/beb2b/s/sfsites/auraFW/javascript/VXZJYkJtTFAtX2RjOGFiVmZaelpqQTk4bkk0bVJhZGJCWE9mUC1IZXZRbmcyNDguMTAuNS01LjAuMTA/aura_prod.js:981:72
t@https://diac--preprod.sandbox.my.site.com/beb2b/s/sfsites/auraFW/javascript/VXZJYkJtTFAtX2RjOGFiVmZaelpqQTk4bkk0bVJhZGJCWE9mUC1IZXZRbmcyNDguMTAuNS01LjAuMTA/aura_prod.js:29:5722

1712068946886	Marionette	INFO	Stopped listening on port 50323
Dynamically enable window occlusion 1
!!! error running onStopped callback: TypeError: callback is not a function
