1712588088964	geckodriver	INFO	Listening on 127.0.0.1:63841
1712588092039	mozrunner::runner	INFO	Running command: "C:\\Program Files\\Mozilla Firefox\\firefox.exe" "--marionette" "--remote-debugging-port" "63842" "--remote-allow-hosts" "localhost" "-no-remote" "-profile" "C:\\Users\\YASMIN~1.HIL\\AppData\\Local\\Temp\\rust_mozprofileZzIobV"
console.warn: services.settings: Ignoring preference override of remote settings server
console.warn: services.settings: Allow by setting MOZ_REMOTE_SETTINGS_DEVTOOLS=1 in the environment
1712588092948	Marionette	INFO	Marionette enabled
Dynamically enable window occlusion 0
1712588093180	Marionette	INFO	Listening on port 63856
WebDriver BiDi listening on ws://127.0.0.1:63842
Read port: 63856
1712588093507	RemoteAgent	WARN	TLS certificate errors will be ignored for this session
DevTools listening on ws://127.0.0.1:63842/devtools/browser/a3aa612b-4d48-42e3-88f1-3a898448f95e
JavaScript warning: https://pagead2.googlesyndication.com/bg/APV3dACaA-z2K_GiiKi9AtRZMcv8tkt2uQCJ7vSl1g4.js line 2 > eval line 4340 > eval line 1 > eval line 1 > eval, line 1: WEBGL_debug_renderer_info is deprecated in Firefox and will be removed. Please use RENDERER.
JavaScript warning: https://pagead2.googlesyndication.com/pagead/managed/js/adsense/m202404020101/slotcar_library_fy2021.js, line 126: Script terminated by timeout at:
qi/<@https://pagead2.googlesyndication.com/pagead/managed/js/adsense/m202404020101/slotcar_library_fy2021.js:126:389
zd/</<@https://pagead2.googlesyndication.com/pagead/managed/js/adsense/m202404020101/slotcar_library_fy2021.js:33:292
yd@https://pagead2.googlesyndication.com/pagead/managed/js/adsense/m202404020101/slotcar_library_fy2021.js:33:92
zd/<@https://pagead2.googlesyndication.com/pagead/managed/js/adsense/m202404020101/slotcar_library_fy2021.js:33:281

1712588109575	Marionette	INFO	Stopped listening on port 63856
Dynamically enable window occlusion 1
!!! error running onStopped callback: TypeError: callback is not a function
