1712586503841	geckodriver	INFO	Listening on 127.0.0.1:59869
1712586506880	mozrunner::runner	INFO	Running command: "C:\\Program Files\\Mozilla Firefox\\firefox.exe" "--marionette" "--remote-debugging-port" "59870" "--remote-allow-hosts" "localhost" "-no-remote" "-profile" "C:\\Users\\YASMIN~1.HIL\\AppData\\Local\\Temp\\rust_mozprofileyUpTpc"
console.warn: services.settings: Ignoring preference override of remote settings server
console.warn: services.settings: Allow by setting MOZ_REMOTE_SETTINGS_DEVTOOLS=1 in the environment
1712586507618	Marionette	INFO	Marionette enabled
Dynamically enable window occlusion 0
1712586507814	Marionette	INFO	Listening on port 59881
Read port: 59881
WebDriver BiDi listening on ws://127.0.0.1:59870
1712586507928	RemoteAgent	WARN	TLS certificate errors will be ignored for this session
DevTools listening on ws://127.0.0.1:59870/devtools/browser/1286fc0e-c0f7-488b-9af1-9c272980c780
1712586523414	Marionette	INFO	Stopped listening on port 59881
Dynamically enable window occlusion 1
!!! error running onStopped callback: TypeError: callback is not a function
JavaScript error: chrome://remote/content/marionette/cert.sys.mjs, line 47: NS_ERROR_NOT_AVAILABLE: Component returned failure code: 0x80040111 (NS_ERROR_NOT_AVAILABLE) [nsICertOverrideService.setDisableAllSecurityChecksAndLetAttackersInterceptMyData]
1712586523524	WebDriver BiDi	ERROR	Failed to stop protocol: [Exception... "Component returned failure code: 0x80040111 (NS_ERROR_NOT_AVAILABLE) [nsICertOverrideService.setDisableAllSecurityChecksAndLetAttackersInterceptMyData]"  nsresult: "0x80040111 (NS_ERROR_NOT_AVAILABLE)"  location: "JS frame :: chrome://remote/content/marionette/cert.sys.mjs :: allowAllCerts.disable :: line 47"  data: no] Stack trace: allowAllCerts.disable()@cert.sys.mjs:47
destroy()@Session.sys.mjs:239
deleteSession()@WebDriverBiDi.sys.mjs:140
stop()@WebDriverBiDi.sys.mjs:228
observe()@resource://gre/modules/AsyncShutdown.sys.mjs:570
