1712875430439	geckodriver	INFO	Listening on 127.0.0.1:55040
1712875433477	mozrunner::runner	INFO	Running command: "C:\\Program Files\\Mozilla Firefox\\firefox.exe" "--marionette" "--remote-debugging-port" "55041" "--remote-allow-hosts" "localhost" "-no-remote" "-profile" "C:\\Users\\YASMIN~1.HIL\\AppData\\Local\\Temp\\rust_mozprofilenwaQNJ"
console.warn: services.settings: Ignoring preference override of remote settings server
console.warn: services.settings: Allow by setting MOZ_REMOTE_SETTINGS_DEVTOOLS=1 in the environment
1712875434048	Marionette	INFO	Marionette enabled
Dynamically enable window occlusion 0
1712875434192	Marionette	INFO	Listening on port 55051
WebDriver BiDi listening on ws://127.0.0.1:55041
Read port: 55051
1712875434483	RemoteAgent	WARN	TLS certificate errors will be ignored for this session
DevTools listening on ws://127.0.0.1:55041/devtools/browser/4a9e6863-d89d-4f11-994c-9f977d2d980f
JavaScript warning: https://pagead2.googlesyndication.com/pagead/managed/js/adsense/m202404100101/slotcar_library_fy2021.js?bust=31082672, line 127: Script terminated by timeout at:
ri/<@https://pagead2.googlesyndication.com/pagead/managed/js/adsense/m202404100101/slotcar_library_fy2021.js?bust=31082672:127:389
Ad/</<@https://pagead2.googlesyndication.com/pagead/managed/js/adsense/m202404100101/slotcar_library_fy2021.js?bust=31082672:33:292
zd@https://pagead2.googlesyndication.com/pagead/managed/js/adsense/m202404100101/slotcar_library_fy2021.js?bust=31082672:33:92
Ad/<@https://pagead2.googlesyndication.com/pagead/managed/js/adsense/m202404100101/slotcar_library_fy2021.js?bust=31082672:33:281

1712875445966	Marionette	INFO	Stopped listening on port 55051
JavaScript error: , line 0: TypeError: NetworkError when attempting to fetch resource.
Dynamically enable window occlusion 1
JavaScript error: , line 0: TypeError: NetworkError when attempting to fetch resource.
JavaScript error: , line 0: TypeError: NetworkError when attempting to fetch resource.
Exiting due to channel error.
