1713171950104	geckodriver	INFO	Listening on 127.0.0.1:62181
1713171953183	mozrunner::runner	INFO	Running command: "C:\\Program Files\\Mozilla Firefox\\firefox.exe" "--marionette" "--remote-debugging-port" "62182" "--remote-allow-hosts" "localhost" "-no-remote" "-profile" "C:\\Users\\YASMIN~1.HIL\\AppData\\Local\\Temp\\rust_mozprofilefKwHFT"
console.warn: services.settings: Ignoring preference override of remote settings server
console.warn: services.settings: Allow by setting MOZ_REMOTE_SETTINGS_DEVTOOLS=1 in the environment
1713171953997	Marionette	INFO	Marionette enabled
Dynamically enable window occlusion 0
1713171954162	Marionette	INFO	Listening on port 62196
WebDriver BiDi listening on ws://127.0.0.1:62182
Read port: 62196
1713171954415	RemoteAgent	WARN	TLS certificate errors will be ignored for this session
DevTools listening on ws://127.0.0.1:62182/devtools/browser/dd80ee85-b3e3-405f-9dc4-2f2ef98b17ad
1713171985922	addons.xpi	ERROR	System addon update list error SyntaxError: XMLHttpRequest.open: 'http://%(server)s/dummy-system-addons.xml' is not a valid URL.
JavaScript warning: https://diac--preprod.sandbox.my.site.com/lub2b/s/sfsites/auraFW/javascript/ZDROWDdLOGtXcTZqSWZiU19ZaDJFdzk4bkk0bVJhZGJCWE9mUC1IZXZRbmcyNDguMTAuNS01LjAuMTA/aura_prod.js, line 810: Script terminated by timeout at:
W.prototype.Kx@https://diac--preprod.sandbox.my.site.com/lub2b/s/sfsites/auraFW/javascript/ZDROWDdLOGtXcTZqSWZiU19ZaDJFdzk4bkk0bVJhZGJCWE9mUC1IZXZRbmcyNDguMTAuNS01LjAuMTA/aura_prod.js:810:48
trackComponentDefsUsed@https://diac--preprod.sandbox.my.site.com/libraries/instrumentation/beaconLib.BeaconLibrary.js:18:49
navFromPage@https://diac--preprod.sandbox.my.site.com/libraries/instrumentation/beaconLib.BeaconLibrary.js:21:391
onWindowClose@https://diac--preprod.sandbox.my.site.com/libraries/instrumentation/beaconLib.BeaconLibrary.js:15:108
b@https://diac--preprod.sandbox.my.site.com/lub2b/s/sfsites/auraFW/javascript/ZDROWDdLOGtXcTZqSWZiU19ZaDJFdzk4bkk0bVJhZGJCWE9mUC1IZXZRbmcyNDguMTAuNS01LjAuMTA/aura_prod.js:981:72
t@https://diac--preprod.sandbox.my.site.com/lub2b/s/sfsites/auraFW/javascript/ZDROWDdLOGtXcTZqSWZiU19ZaDJFdzk4bkk0bVJhZGJCWE9mUC1IZXZRbmcyNDguMTAuNS01LjAuMTA/aura_prod.js:29:5722

1713177072176	Marionette	INFO	Stopped listening on port 62196
Dynamically enable window occlusion 1
!!! error running onStopped callback: TypeError: callback is not a function
