1713176904903	geckodriver	INFO	Listening on 127.0.0.1:52620
1713176907965	mozrunner::runner	INFO	Running command: "C:\\Program Files\\Mozilla Firefox\\firefox.exe" "--marionette" "--remote-debugging-port" "52621" "--remote-allow-hosts" "localhost" "-no-remote" "-profile" "C:\\Users\\YASMIN~1.HIL\\AppData\\Local\\Temp\\rust_mozprofileWI6K7M"
console.warn: services.settings: Ignoring preference override of remote settings server
console.warn: services.settings: Allow by setting MOZ_REMOTE_SETTINGS_DEVTOOLS=1 in the environment
1713176908494	Marionette	INFO	Marionette enabled
Dynamically enable window occlusion 0
1713176908617	Marionette	INFO	Listening on port 52630
WebDriver BiDi listening on ws://127.0.0.1:52621
Read port: 52630
1713176908826	RemoteAgent	WARN	TLS certificate errors will be ignored for this session
DevTools listening on ws://127.0.0.1:52621/devtools/browser/a97169e1-a936-4337-a314-60fbf7ba175c
JavaScript warning: https://pagead2.googlesyndication.com/bg/L0LConaBzCc577BZGNgzP3bg87fF5vhB9-a07M4Tw6o.js line 2 > eval line 1019 > eval line 1 > eval line 1 > eval, line 1: WEBGL_debug_renderer_info is deprecated in Firefox and will be removed. Please use RENDERER.
JavaScript warning: https://pagead2.googlesyndication.com/pagead/managed/js/adsense/m202404100101/slotcar_library_fy2021.js?bust=31082730, line 127: Script terminated by timeout at:
ri/<@https://pagead2.googlesyndication.com/pagead/managed/js/adsense/m202404100101/slotcar_library_fy2021.js?bust=31082730:127:389
Ad/</<@https://pagead2.googlesyndication.com/pagead/managed/js/adsense/m202404100101/slotcar_library_fy2021.js?bust=31082730:33:292
zd@https://pagead2.googlesyndication.com/pagead/managed/js/adsense/m202404100101/slotcar_library_fy2021.js?bust=31082730:33:92
Ad/<@https://pagead2.googlesyndication.com/pagead/managed/js/adsense/m202404100101/slotcar_library_fy2021.js?bust=31082730:33:281

1713176919069	Marionette	INFO	Stopped listening on port 52630
Dynamically enable window occlusion 1
JavaScript error: , line 0: TypeError: NetworkError when attempting to fetch resource.
