1712929203868	geckodriver	INFO	Listening on 127.0.0.1:63755
1712929206940	mozrunner::runner	INFO	Running command: "C:\\Program Files\\Mozilla Firefox\\firefox.exe" "--marionette" "--remote-debugging-port" "63756" "--remote-allow-hosts" "localhost" "-no-remote" "-profile" "C:\\Users\\YASMIN~1.HIL\\AppData\\Local\\Temp\\rust_mozprofilenb9zkg"
console.warn: services.settings: Ignoring preference override of remote settings server
console.warn: services.settings: Allow by setting MOZ_REMOTE_SETTINGS_DEVTOOLS=1 in the environment
1712929207681	Marionette	INFO	Marionette enabled
Dynamically enable window occlusion 0
1712929207887	Marionette	INFO	Listening on port 63768
WebDriver BiDi listening on ws://127.0.0.1:63756
Read port: 63768
1712929208188	RemoteAgent	WARN	TLS certificate errors will be ignored for this session
DevTools listening on ws://127.0.0.1:63756/devtools/browser/04d73d98-151f-4188-9305-537d593c6201
JavaScript warning: https://pagead2.googlesyndication.com/bg/L0LConaBzCc577BZGNgzP3bg87fF5vhB9-a07M4Tw6o.js line 2 > eval line 1482 > eval line 1 > eval line 1 > eval, line 1: WEBGL_debug_renderer_info is deprecated in Firefox and will be removed. Please use RENDERER.
1712929237718	addons.xpi	ERROR	System addon update list error SyntaxError: XMLHttpRequest.open: 'http://%(server)s/dummy-system-addons.xml' is not a valid URL.
JavaScript warning: https://pagead2.googlesyndication.com/pagead/managed/js/adsense/m202404030101/slotcar_library_fy2021.js?bust=31082504, line 126: Script terminated by timeout at:
ri/<@https://pagead2.googlesyndication.com/pagead/managed/js/adsense/m202404030101/slotcar_library_fy2021.js?bust=31082504:126:389
Ad/</<@https://pagead2.googlesyndication.com/pagead/managed/js/adsense/m202404030101/slotcar_library_fy2021.js?bust=31082504:33:292
zd@https://pagead2.googlesyndication.com/pagead/managed/js/adsense/m202404030101/slotcar_library_fy2021.js?bust=31082504:33:92
Ad/<@https://pagead2.googlesyndication.com/pagead/managed/js/adsense/m202404030101/slotcar_library_fy2021.js?bust=31082504:33:281

1712930586375	Marionette	INFO	Stopped listening on port 63768
Dynamically enable window occlusion 1
!!! error running onStopped callback: TypeError: callback is not a function
