1713168161944	geckodriver	INFO	Listening on 127.0.0.1:53859
1713168165030	mozrunner::runner	INFO	Running command: "C:\\Program Files\\Mozilla Firefox\\firefox.exe" "--marionette" "--remote-debugging-port" "53860" "--remote-allow-hosts" "localhost" "-no-remote" "-profile" "C:\\Users\\YASMIN~1.HIL\\AppData\\Local\\Temp\\rust_mozprofileWsJM5R"
console.warn: services.settings: Ignoring preference override of remote settings server
console.warn: services.settings: Allow by setting MOZ_REMOTE_SETTINGS_DEVTOOLS=1 in the environment
1713168165693	Marionette	INFO	Marionette enabled
Dynamically enable window occlusion 0
1713168165866	Marionette	INFO	Listening on port 53870
WebDriver BiDi listening on ws://127.0.0.1:53860
Read port: 53870
1713168166170	RemoteAgent	WARN	TLS certificate errors will be ignored for this session
DevTools listening on ws://127.0.0.1:53860/devtools/browser/37230fac-2bbc-4ec3-817b-46e410068f25
console.warn: LoginRecipes: "Falling back to a synchronous message for: https://yopmail.com."
JavaScript warning: https://pagead2.googlesyndication.com/bg/lScVdaYzR4BdASXTf6i6_QUQCAjzvuVRUDaYOWggZbg.js line 2 > eval line 4706 > eval line 1 > eval line 1 > eval, line 1: Script terminated by timeout at:
yZ@https://pagead2.googlesyndication.com/bg/lScVdaYzR4BdASXTf6i6_QUQCAjzvuVRUDaYOWggZbg.js line 2 > eval line 4706 > eval line 1 > eval line 1 > eval:1:98
@https://pagead2.googlesyndication.com/bg/lScVdaYzR4BdASXTf6i6_QUQCAjzvuVRUDaYOWggZbg.js line 2 > eval line 4706 > eval line 1 > eval line 1 > eval:1:19
v$@https://pagead2.googlesyndication.com/bg/lScVdaYzR4BdASXTf6i6_QUQCAjzvuVRUDaYOWggZbg.js line 2 > eval:4706:24313
W.u</<@https://pagead2.googlesyndication.com/bg/lScVdaYzR4BdASXTf6i6_QUQCAjzvuVRUDaYOWggZbg.js line 2 > eval:4706:48821
fM@https://pagead2.googlesyndication.com/bg/lScVdaYzR4BdASXTf6i6_QUQCAjzvuVRUDaYOWggZbg.js line 2 > eval:4706:26684
Mk@https://pagead2.googlesyndication.com/bg/lScVdaYzR4BdASXTf6i6_QUQCAjzvuVRUDaYOWggZbg.js line 2 > eval:4706:17495
f@https://pagead2.googlesyndication.com/bg/lScVdaYzR4BdASXTf6i6_QUQCAjzvuVRUDaYOWggZbg.js line 2 > eval:4706:6633
C0@https://pagead2.googlesyndication.com/bg/lScVdaYzR4BdASXTf6i6_QUQCAjzvuVRUDaYOWggZbg.js line 2 > eval:4706:34568
K@https://pagead2.googlesyndication.com/bg/lScVdaYzR4BdASXTf6i6_QUQCAjzvuVRUDaYOWggZbg.js line 2 > eval:4706:19876
@https://pagead2.googlesyndication.com/bg/lScVdaYzR4BdASXTf6i6_QUQCAjzvuVRUDaYOWggZbg.js line 2 > eval:4706:51380
a9@https://pagead2.googlesyndication.com/bg/lScVdaYzR4BdASXTf6i6_QUQCAjzvuVRUDaYOWggZbg.js line 2 > eval:4706:5352
ZD@https://pagead2.googlesyndication.com/bg/lScVdaYzR4BdASXTf6i6_QUQCAjzvuVRUDaYOWggZbg.js line 2 > eval:4706:27494
E@https://pagead2.googlesyndication.com/bg/lScVdaYzR4BdASXTf6i6_QUQCAjzvuVRUDaYOWggZbg.js line 2 > eval:4706:10464
K0@https://pagead2.googlesyndication.com/bg/lScVdaYzR4BdASXTf6i6_QUQCAjzvuVRUDaYOWggZbg.js line 2 > eval:4706:27934
za/<@https://googleads.g.doubleclick.net/pagead/html/r20240410/r20110914/zrt_lookup_fy2021.html line 21 > injectedScript:2:8518
Ea@https://googleads.g.doubleclick.net/pagead/html/r20240410/r20110914/zrt_lookup_fy2021.html line 21 > injectedScript:2:8699
za@https://googleads.g.doubleclick.net/pagead/html/r20240410/r20110914/zrt_lookup_fy2021.html line 21 > injectedScript:2:8508

1713168175212	Marionette	WARN	Ignoring event 'DOMContentLoaded' because document has an invalid readyState of 'complete'.
JavaScript warning: https://pagead2.googlesyndication.com/bg/L0LConaBzCc577BZGNgzP3bg87fF5vhB9-a07M4Tw6o.js line 2 > eval line 2193 > eval line 1 > eval line 1 > eval, line 1: WEBGL_debug_renderer_info is deprecated in Firefox and will be removed. Please use RENDERER.
JavaScript warning: https://pagead2.googlesyndication.com/bg/L0LConaBzCc577BZGNgzP3bg87fF5vhB9-a07M4Tw6o.js line 2 > eval line 1677 > eval line 1 > eval line 1 > eval, line 1: WEBGL_debug_renderer_info is deprecated in Firefox and will be removed. Please use RENDERER.
JavaScript warning: https://pagead2.googlesyndication.com/bg/L0LConaBzCc577BZGNgzP3bg87fF5vhB9-a07M4Tw6o.js line 2 > eval line 1967 > eval line 1 > eval line 1 > eval, line 1: WEBGL_debug_renderer_info is deprecated in Firefox and will be removed. Please use RENDERER.
JavaScript warning: https://pagead2.googlesyndication.com/pagead/managed/js/adsense/m202404090201/slotcar_library_fy2021.js?bust=31082657, line 126: Script terminated by timeout at:
qi/<@https://pagead2.googlesyndication.com/pagead/managed/js/adsense/m202404090201/slotcar_library_fy2021.js?bust=31082657:126:389
zd/</<@https://pagead2.googlesyndication.com/pagead/managed/js/adsense/m202404090201/slotcar_library_fy2021.js?bust=31082657:33:292
yd@https://pagead2.googlesyndication.com/pagead/managed/js/adsense/m202404090201/slotcar_library_fy2021.js?bust=31082657:33:92
zd/<@https://pagead2.googlesyndication.com/pagead/managed/js/adsense/m202404090201/slotcar_library_fy2021.js?bust=31082657:33:281

1713168182622	Marionette	INFO	Stopped listening on port 53870
Dynamically enable window occlusion 1
JavaScript error: , line 0: TypeError: NetworkError when attempting to fetch resource.
JavaScript error: , line 0: TypeError: NetworkError when attempting to fetch resource.
