1712060584171	geckodriver	INFO	Listening on 127.0.0.1:65214
1712060587250	mozrunner::runner	INFO	Running command: "C:\\Program Files\\Mozilla Firefox\\firefox.exe" "--marionette" "--remote-debugging-port" "65215" "--remote-allow-hosts" "localhost" "-no-remote" "-profile" "C:\\Users\\YASMIN~1.HIL\\AppData\\Local\\Temp\\rust_mozprofilemrRECY"
console.warn: services.settings: Ignoring preference override of remote settings server
console.warn: services.settings: Allow by setting MOZ_REMOTE_SETTINGS_DEVTOOLS=1 in the environment
1712060588017	Marionette	INFO	Marionette enabled
Dynamically enable window occlusion 0
1712060588238	Marionette	INFO	Listening on port 65230
WebDriver BiDi listening on ws://127.0.0.1:65215
Read port: 65230
1712060588590	RemoteAgent	WARN	TLS certificate errors will be ignored for this session
DevTools listening on ws://127.0.0.1:65215/devtools/browser/a12b3ccc-0a95-406e-9538-2d6c6cf0c365
1712060618217	addons.xpi	ERROR	System addon update list error SyntaxError: XMLHttpRequest.open: 'http://%(server)s/dummy-system-addons.xml' is not a valid URL.
JavaScript warning: https://diac--preprod.sandbox.my.site.com/beb2b/s/sfsites/auraFW/javascript/VXZJYkJtTFAtX2RjOGFiVmZaelpqQTk4bkk0bVJhZGJCWE9mUC1IZXZRbmcyNDguMTAuNS01LjAuMTA/aura_prod.js line 319 > eval, line 46: Script terminated by timeout at:
middleware@https://diac--preprod.sandbox.my.site.com/libraries/instrumentation/beaconLib.BeaconLibrary.js:46:181
Y.prototype.Qg@https://diac--preprod.sandbox.my.site.com/beb2b/s/sfsites/auraFW/javascript/VXZJYkJtTFAtX2RjOGFiVmZaelpqQTk4bkk0bVJhZGJCWE9mUC1IZXZRbmcyNDguMTAuNS01LjAuMTA/aura_prod.js:929:195
Y.prototype.transaction@https://diac--preprod.sandbox.my.site.com/beb2b/s/sfsites/auraFW/javascript/VXZJYkJtTFAtX2RjOGFiVmZaelpqQTk4bkk0bVJhZGJCWE9mUC1IZXZRbmcyNDguMTAuNS01LjAuMTA/aura_prod.js:926:105
onWindowClose@https://diac--preprod.sandbox.my.site.com/libraries/instrumentation/beaconLib.BeaconLibrary.js:14:339
b@https://diac--preprod.sandbox.my.site.com/beb2b/s/sfsites/auraFW/javascript/VXZJYkJtTFAtX2RjOGFiVmZaelpqQTk4bkk0bVJhZGJCWE9mUC1IZXZRbmcyNDguMTAuNS01LjAuMTA/aura_prod.js:981:72
t@https://diac--preprod.sandbox.my.site.com/beb2b/s/sfsites/auraFW/javascript/VXZJYkJtTFAtX2RjOGFiVmZaelpqQTk4bkk0bVJhZGJCWE9mUC1IZXZRbmcyNDguMTAuNS01LjAuMTA/aura_prod.js:29:5722

1712068947177	Marionette	INFO	Stopped listening on port 65230
Dynamically enable window occlusion 1
!!! error running onStopped callback: TypeError: callback is not a function
