1713171026598	geckodriver	INFO	Listening on 127.0.0.1:60397
1713171029664	mozrunner::runner	INFO	Running command: "C:\\Program Files\\Mozilla Firefox\\firefox.exe" "--marionette" "--remote-debugging-port" "60398" "--remote-allow-hosts" "localhost" "-no-remote" "-profile" "C:\\Users\\YASMIN~1.HIL\\AppData\\Local\\Temp\\rust_mozprofileq22YHu"
console.warn: services.settings: Ignoring preference override of remote settings server
console.warn: services.settings: Allow by setting MOZ_REMOTE_SETTINGS_DEVTOOLS=1 in the environment
1713171030762	Marionette	INFO	Marionette enabled
Dynamically enable window occlusion 0
1713171031064	Marionette	INFO	Listening on port 60407
WebDriver BiDi listening on ws://127.0.0.1:60398
Read port: 60407
1713171031239	RemoteAgent	WARN	TLS certificate errors will be ignored for this session
DevTools listening on ws://127.0.0.1:60398/devtools/browser/4c5cbe75-2b8d-44a8-9751-2197e6a1735f
1713171051052	Marionette	INFO	Stopped listening on port 60407
Dynamically enable window occlusion 1
!!! error running onStopped callback: TypeError: callback is not a function
JavaScript error: chrome://remote/content/marionette/cert.sys.mjs, line 47: NS_ERROR_NOT_AVAILABLE: Component returned failure code: 0x80040111 (NS_ERROR_NOT_AVAILABLE) [nsICertOverrideService.setDisableAllSecurityChecksAndLetAttackersInterceptMyData]
1713171051223	WebDriver BiDi	ERROR	Failed to stop protocol: [Exception... "Component returned failure code: 0x80040111 (NS_ERROR_NOT_AVAILABLE) [nsICertOverrideService.setDisableAllSecurityChecksAndLetAttackersInterceptMyData]"  nsresult: "0x80040111 (NS_ERROR_NOT_AVAILABLE)"  location: "JS frame :: chrome://remote/content/marionette/cert.sys.mjs :: allowAllCerts.disable :: line 47"  data: no] Stack trace: allowAllCerts.disable()@cert.sys.mjs:47
destroy()@Session.sys.mjs:239
deleteSession()@WebDriverBiDi.sys.mjs:140
stop()@WebDriverBiDi.sys.mjs:228
observe()@resource://gre/modules/AsyncShutdown.sys.mjs:570
