1713168750955	geckodriver	INFO	Listening on 127.0.0.1:55729
1713168753981	mozrunner::runner	INFO	Running command: "C:\\Program Files\\Mozilla Firefox\\firefox.exe" "--marionette" "--remote-debugging-port" "55730" "--remote-allow-hosts" "localhost" "-no-remote" "-profile" "C:\\Users\\YASMIN~1.HIL\\AppData\\Local\\Temp\\rust_mozprofilePr8d9u"
console.warn: services.settings: Ignoring preference override of remote settings server
console.warn: services.settings: Allow by setting MOZ_REMOTE_SETTINGS_DEVTOOLS=1 in the environment
1713168754966	Marionette	INFO	Marionette enabled
Dynamically enable window occlusion 0
1713168755194	Marionette	INFO	Listening on port 55743
Read port: 55743
WebDriver BiDi listening on ws://127.0.0.1:55730
1713168755404	RemoteAgent	WARN	TLS certificate errors will be ignored for this session
DevTools listening on ws://127.0.0.1:55730/devtools/browser/3add1acb-f5b5-47d5-8dd0-03178a366b81
1713168786270	addons.xpi	ERROR	System addon update list error SyntaxError: XMLHttpRequest.open: 'http://%(server)s/dummy-system-addons.xml' is not a valid URL.
JavaScript warning: https://diac--preprod.sandbox.my.site.com/beb2b/s/sfsites/auraFW/javascript/ZDROWDdLOGtXcTZqSWZiU19ZaDJFdzk4bkk0bVJhZGJCWE9mUC1IZXZRbmcyNDguMTAuNS01LjAuMTA/aura_prod.js, line 810: Script terminated by timeout at:
W.prototype.Nx@https://diac--preprod.sandbox.my.site.com/beb2b/s/sfsites/auraFW/javascript/ZDROWDdLOGtXcTZqSWZiU19ZaDJFdzk4bkk0bVJhZGJCWE9mUC1IZXZRbmcyNDguMTAuNS01LjAuMTA/aura_prod.js:810:306
trackComponentDefsUsed@https://diac--preprod.sandbox.my.site.com/libraries/instrumentation/beaconLib.BeaconLibrary.js:18:154
navFromPage@https://diac--preprod.sandbox.my.site.com/libraries/instrumentation/beaconLib.BeaconLibrary.js:21:391
onWindowClose@https://diac--preprod.sandbox.my.site.com/libraries/instrumentation/beaconLib.BeaconLibrary.js:15:108
b@https://diac--preprod.sandbox.my.site.com/beb2b/s/sfsites/auraFW/javascript/ZDROWDdLOGtXcTZqSWZiU19ZaDJFdzk4bkk0bVJhZGJCWE9mUC1IZXZRbmcyNDguMTAuNS01LjAuMTA/aura_prod.js:981:72
t@https://diac--preprod.sandbox.my.site.com/beb2b/s/sfsites/auraFW/javascript/ZDROWDdLOGtXcTZqSWZiU19ZaDJFdzk4bkk0bVJhZGJCWE9mUC1IZXZRbmcyNDguMTAuNS01LjAuMTA/aura_prod.js:29:5722

1713168807456	Marionette	INFO	Stopped listening on port 55743
Dynamically enable window occlusion 1
!!! error running onStopped callback: TypeError: callback is not a function
