1713255804349	geckodriver	INFO	Listening on 127.0.0.1:54327
1713255807397	mozrunner::runner	INFO	Running command: "C:\\Program Files\\Mozilla Firefox\\firefox.exe" "--marionette" "--remote-debugging-port" "54328" "--remote-allow-hosts" "localhost" "-no-remote" "-profile" "C:\\Users\\YASMIN~1.HIL\\AppData\\Local\\Temp\\rust_mozprofileilRFPL"
console.warn: services.settings: Ignoring preference override of remote settings server
console.warn: services.settings: Allow by setting MOZ_REMOTE_SETTINGS_DEVTOOLS=1 in the environment
1713255808333	Marionette	INFO	Marionette enabled
Dynamically enable window occlusion 0
1713255808626	Marionette	INFO	Listening on port 54347
WebDriver BiDi listening on ws://127.0.0.1:54328
Read port: 54347
1713255809100	RemoteAgent	WARN	TLS certificate errors will be ignored for this session
DevTools listening on ws://127.0.0.1:54328/devtools/browser/54dc0ae1-61a6-4926-90fa-ed06f7fc59b6
1713255838901	addons.xpi	ERROR	System addon update list error SyntaxError: XMLHttpRequest.open: 'http://%(server)s/dummy-system-addons.xml' is not a valid URL.
JavaScript warning: https://diac--preprod.sandbox.my.site.com/beb2b/s/sfsites/auraFW/javascript/ZDROWDdLOGtXcTZqSWZiU19ZaDJFdzk4bkk0bVJhZGJCWE9mUC1IZXZRbmcyNDguMTAuNS01LjAuMTA/aura_prod.js, line 935: Script terminated by timeout at:
Y.prototype.time@https://diac--preprod.sandbox.my.site.com/beb2b/s/sfsites/auraFW/javascript/ZDROWDdLOGtXcTZqSWZiU19ZaDJFdzk4bkk0bVJhZGJCWE9mUC1IZXZRbmcyNDguMTAuNS01LjAuMTA/aura_prod.js:935:29
getTime@https://diac--preprod.sandbox.my.site.com/components/instrumentation/o11ySupport.js:1:5487
init/<@https://diac--preprod.sandbox.my.site.com/components/instrumentation/o11ySupport.js:1:5105
t@https://diac--preprod.sandbox.my.site.com/beb2b/s/sfsites/auraFW/javascript/ZDROWDdLOGtXcTZqSWZiU19ZaDJFdzk4bkk0bVJhZGJCWE9mUC1IZXZRbmcyNDguMTAuNS01LjAuMTA/aura_prod.js:29:5722

1713256667985	Marionette	INFO	Stopped listening on port 54347
Dynamically enable window occlusion 1
!!! error running onStopped callback: TypeError: callback is not a function
