1713177910753	geckodriver	INFO	Listening on 127.0.0.1:55515
1713177913824	mozrunner::runner	INFO	Running command: "C:\\Program Files\\Mozilla Firefox\\firefox.exe" "--marionette" "--remote-debugging-port" "55516" "--remote-allow-hosts" "localhost" "-no-remote" "-profile" "C:\\Users\\YASMIN~1.HIL\\AppData\\Local\\Temp\\rust_mozprofileQfSSyO"
console.warn: services.settings: Ignoring preference override of remote settings server
console.warn: services.settings: Allow by setting MOZ_REMOTE_SETTINGS_DEVTOOLS=1 in the environment
1713177914364	Marionette	INFO	Marionette enabled
Dynamically enable window occlusion 0
1713177914515	Marionette	INFO	Listening on port 55526
WebDriver BiDi listening on ws://127.0.0.1:55516
Read port: 55526
1713177914732	RemoteAgent	WARN	TLS certificate errors will be ignored for this session
DevTools listening on ws://127.0.0.1:55516/devtools/browser/de985a98-1440-409a-8f00-eefa312e494c
console.error: (new TypeError("NetworkError: Network request failed", "resource://services-settings/Utils.sys.mjs", 236))
1713177945206	addons.xpi	ERROR	System addon update list error SyntaxError: XMLHttpRequest.open: 'http://%(server)s/dummy-system-addons.xml' is not a valid URL.
console.warn: "Listener for event 'frame' did not return a promise."
NetworkHelper.parseSecurityInfo threw an exception: Security state 0 has no known STATE_IS_* flags.
console.error: "Security state 0 has no known STATE_IS_* flags."
NetworkHelper.parseSecurityInfo threw an exception: Security state 0 has no known STATE_IS_* flags.
console.error: "Security state 0 has no known STATE_IS_* flags."
JavaScript error: , line 0: uncaught exception: Timeout
NetworkHelper.parseSecurityInfo threw an exception: Security state 0 has no known STATE_IS_* flags.
console.error: "Security state 0 has no known STATE_IS_* flags."
JavaScript error: resource://gre/modules/AsyncShutdown.sys.mjs, line 570: NotFoundError: No such JSWindowActor 'DevToolsFrame'
1713187699517	Marionette	INFO	Stopped listening on port 55526
Dynamically enable window occlusion 1
!!! error running onStopped callback: TypeError: callback is not a function
