1713179478872	geckodriver	INFO	Listening on 127.0.0.1:58150
1713179481931	mozrunner::runner	INFO	Running command: "C:\\Program Files\\Mozilla Firefox\\firefox.exe" "--marionette" "--remote-debugging-port" "58151" "--remote-allow-hosts" "localhost" "-no-remote" "-profile" "C:\\Users\\YASMIN~1.HIL\\AppData\\Local\\Temp\\rust_mozprofileZ24xpF"
console.warn: services.settings: Ignoring preference override of remote settings server
console.warn: services.settings: Allow by setting MOZ_REMOTE_SETTINGS_DEVTOOLS=1 in the environment
1713179482486	Marionette	INFO	Marionette enabled
Dynamically enable window occlusion 0
1713179482620	Marionette	INFO	Listening on port 58159
WebDriver BiDi listening on ws://127.0.0.1:58151
Read port: 58159
1713179482788	RemoteAgent	WARN	TLS certificate errors will be ignored for this session
DevTools listening on ws://127.0.0.1:58151/devtools/browser/7720d092-3761-449b-afc7-803e6add2a19
1713179514464	addons.xpi	ERROR	System addon update list error SyntaxError: XMLHttpRequest.open: 'http://%(server)s/dummy-system-addons.xml' is not a valid URL.
JavaScript error: , line 0: uncaught exception: Timeout
1713187698822	Marionette	INFO	Stopped listening on port 58159
JavaScript warning: https://diac--preprod.sandbox.my.site.com/lub2b/s/sfsites/auraFW/javascript/ZDROWDdLOGtXcTZqSWZiU19ZaDJFdzk4bkk0bVJhZGJCWE9mUC1IZXZRbmcyNDguMTAuNS01LjAuMTA/aura_prod.js line 319 > eval, line 1: Script terminated by timeout at:
K@https://diac--preprod.sandbox.my.site.com/components/instrumentation/o11ySupport.js:1:16182
getPayload@https://diac--preprod.sandbox.my.site.com/components/instrumentation/o11ySupport.js:1:16224
getPayloadFromProvider@https://diac--preprod.sandbox.my.site.com/components/o11y/shared.js:1:11509
addLog@https://diac--preprod.sandbox.my.site.com/components/o11y/client.js:1:51514
_logInternal@https://diac--preprod.sandbox.my.site.com/components/o11y/client.js:1:33629
log/<@https://diac--preprod.sandbox.my.site.com/components/o11y/client.js:1:33507
tryCatch@https://diac--preprod.sandbox.my.site.com/components/o11y/shared.js:1:12107
log@https://diac--preprod.sandbox.my.site.com/components/o11y/client.js:1:33197
navFromPage@https://diac--preprod.sandbox.my.site.com/components/instrumentation/o11ySupport.js:1:7667
notify/<@https://diac--preprod.sandbox.my.site.com/components/instrumentation/utility.js:1:4491
notify@https://diac--preprod.sandbox.my.site.com/components/instrumentation/utility.js:1:4478
navFromPage@https://diac--preprod.sandbox.my.site.com/libraries/instrumentation/beaconLib.BeaconLibrary.js:22:15
onWindowClose@https://diac--preprod.sandbox.my.site.com/libraries/instrumentation/beaconLib.BeaconLibrary.js:15:108
b@https://diac--preprod.sandbox.my.site.com/lub2b/s/sfsites/auraFW/javascript/ZDROWDdLOGtXcTZqSWZiU19ZaDJFdzk4bkk0bVJhZGJCWE9mUC1IZXZRbmcyNDguMTAuNS01LjAuMTA/aura_prod.js:981:72
t@https://diac--preprod.sandbox.my.site.com/lub2b/s/sfsites/auraFW/javascript/ZDROWDdLOGtXcTZqSWZiU19ZaDJFdzk4bkk0bVJhZGJCWE9mUC1IZXZRbmcyNDguMTAuNS01LjAuMTA/aura_prod.js:29:5722

Dynamically enable window occlusion 1
!!! error running onStopped callback: TypeError: callback is not a function
