1712052104691	geckodriver	INFO	Listening on 127.0.0.1:51232
1712052107809	mozrunner::runner	INFO	Running command: "C:\\Program Files\\Mozilla Firefox\\firefox.exe" "--marionette" "--remote-debugging-port" "51233" "--remote-allow-hosts" "localhost" "-no-remote" "-profile" "C:\\Users\\YASMIN~1.HIL\\AppData\\Local\\Temp\\rust_mozprofileQGNNMe"
console.warn: services.settings: Ignoring preference override of remote settings server
console.warn: services.settings: Allow by setting MOZ_REMOTE_SETTINGS_DEVTOOLS=1 in the environment
1712052108456	Marionette	INFO	Marionette enabled
Dynamically enable window occlusion 0
1712052108648	Marionette	INFO	Listening on port 51243
WebDriver BiDi listening on ws://127.0.0.1:51233
Read port: 51243
1712052108957	RemoteAgent	WARN	TLS certificate errors will be ignored for this session
DevTools listening on ws://127.0.0.1:51233/devtools/browser/52c420d5-2e75-41b4-8f79-2ef0af93ecc3
1712052138878	addons.xpi	ERROR	System addon update list error SyntaxError: XMLHttpRequest.open: 'http://%(server)s/dummy-system-addons.xml' is not a valid URL.
1712052717607	Marionette	INFO	Stopped listening on port 51243
Dynamically enable window occlusion 1
!!! error running onStopped callback: TypeError: callback is not a function
JavaScript warning: https://diac--preprod.sandbox.my.site.com/beb2b/s/sfsites/auraFW/javascript/VXZJYkJtTFAtX2RjOGFiVmZaelpqQTk4bkk0bVJhZGJCWE9mUC1IZXZRbmcyNDguMTAuNS01LjAuMTA/aura_prod.js line 319 > eval, line 8: Script terminated by timeout at:
o@https://diac--preprod.sandbox.my.site.com/components/o11y/collectors.js:8:2085
[31]</b.generateConstructor@https://diac--preprod.sandbox.my.site.com/components/o11y/collectors.js:8:44868
get@https://diac--preprod.sandbox.my.site.com/components/o11y/collectors.js:8:44258
[15]</f.prototype.resolve@https://diac--preprod.sandbox.my.site.com/components/o11y/collectors.js:8:21485
[31]</b.prototype.setup@https://diac--preprod.sandbox.my.site.com/components/o11y/collectors.js:8:47827
[31]</b.prototype.verify@https://diac--preprod.sandbox.my.site.com/components/o11y/collectors.js:8:48637
validate@https://diac--preprod.sandbox.my.site.com/components/o11y/collectors.js:8:63463
encode@https://diac--preprod.sandbox.my.site.com/components/o11y/collectors.js:8:63572
processRawLogMessage@https://diac--preprod.sandbox.my.site.com/components/o11y/collectors.js:8:64426
l/</<@https://diac--preprod.sandbox.my.site.com/components/o11y/collectors.js:8:64761
l/<@https://diac--preprod.sandbox.my.site.com/components/o11y/collectors.js:8:64752
l@https://diac--preprod.sandbox.my.site.com/components/o11y/collectors.js:8:64711
c@https://diac--preprod.sandbox.my.site.com/components/o11y/collectors.js:8:65003
r@https://diac--preprod.sandbox.my.site.com/components/instrumentation/o11ySecondaryLoaderWithImports.js:1:350
getEncodedO11yLogs@https://diac--preprod.sandbox.my.site.com/libraries/instrumentation/beaconLib.BeaconLibrary.js:11:64
sendBeacon/</<@https://diac--preprod.sandbox.my.site.com/libraries/instrumentation/beaconLib.BeaconLibrary.js:17:82
o11yFunc@https://diac--preprod.sandbox.my.site.com/libraries/instrumentation/beaconLib.BeaconLibrary.js:3:45
sendBeacon/<@https://diac--preprod.sandbox.my.site.com/libraries/instrumentation/beaconLib.BeaconLibrary.js:17:55
initializeBeacon/this.preservedAuraCallback<@https://diac--preprod.sandbox.my.site.com/libraries/instrumentation/beaconLib.BeaconLibrary.js:3:437
b@https://diac--preprod.sandbox.my.site.com/beb2b/s/sfsites/auraFW/javascript/VXZJYkJtTFAtX2RjOGFiVmZaelpqQTk4bkk0bVJhZGJCWE9mUC1IZXZRbmcyNDguMTAuNS01LjAuMTA/aura_prod.js:981:72
sendBeacon@https://diac--preprod.sandbox.my.site.com/libraries/instrumentation/beaconLib.BeaconLibrary.js:16:406
onWindowClose@https://diac--preprod.sandbox.my.site.com/libraries/instrumentation/beaconLib.BeaconLibrary.js:15:300
b@https://diac--preprod.sandbox.my.site.com/beb2b/s/sfsites/auraFW/javascript/VXZJYkJtTFAtX2RjOGFiVmZaelpqQTk4bkk0bVJhZGJCWE9mUC1IZXZRbmcyNDguMTAuNS01LjAuMTA/aura_prod.js:981:72
t@https://diac--preprod.sandbox.my.site.com/beb2b/s/sfsites/auraFW/javascript/VXZJYkJtTFAtX2RjOGFiVmZaelpqQTk4bkk0bVJhZGJCWE9mUC1IZXZRbmcyNDguMTAuNS01LjAuMTA/aura_prod.js:29:5722

