1713256867091	geckodriver	INFO	Listening on 127.0.0.1:64427
1713256870169	mozrunner::runner	INFO	Running command: "C:\\Program Files\\Mozilla Firefox\\firefox.exe" "--marionette" "--remote-debugging-port" "64428" "--remote-allow-hosts" "localhost" "-no-remote" "-profile" "C:\\Users\\YASMIN~1.HIL\\AppData\\Local\\Temp\\rust_mozprofileN5WHzC"
console.warn: services.settings: Ignoring preference override of remote settings server
console.warn: services.settings: Allow by setting MOZ_REMOTE_SETTINGS_DEVTOOLS=1 in the environment
1713256870788	Marionette	INFO	Marionette enabled
Dynamically enable window occlusion 0
1713256870941	Marionette	INFO	Listening on port 64437
WebDriver BiDi listening on ws://127.0.0.1:64428
Read port: 64437
1713256871186	RemoteAgent	WARN	TLS certificate errors will be ignored for this session
DevTools listening on ws://127.0.0.1:64428/devtools/browser/3af9f19f-6177-4309-a4cd-4ed3a06ad719
JavaScript error: https://yopmail.com/fr/domain?d=some, line 1: TypeError: window.parent.Gelt is not a function
JavaScript error: https://yopmail.com/fr/, line 1: ReferenceError: CptonKeyUp is not defined
JavaScript error: https://yopmail.com/fr/, line 1: ReferenceError: CptonKeyUp is not defined
JavaScript error: https://yopmail.com/fr/, line 1: ReferenceError: CptonKeyUp is not defined
JavaScript error: https://yopmail.com/fr/, line 1: ReferenceError: CptonKeyUp is not defined
JavaScript error: https://yopmail.com/fr/, line 1: ReferenceError: CptonKeyUp is not defined
JavaScript error: https://yopmail.com/fr/, line 1: ReferenceError: CptonKeyUp is not defined
JavaScript error: https://yopmail.com/fr/, line 1: ReferenceError: CptonKeyUp is not defined
console.warn: LoginRecipes: "Falling back to a synchronous message for: https://yopmail.com."
JavaScript error: https://yopmail.com/fr/, line 1: ReferenceError: chkl is not defined
JavaScript error: https://yopmail.com/fr/, line 1: ReferenceError: chkl is not defined
1713256878846	Marionette	WARN	Ignoring event 'DOMContentLoaded' because document has an invalid readyState of 'complete'.
1713256879641	Marionette	INFO	Stopped listening on port 64437
Dynamically enable window occlusion 1
