1713179893008	geckodriver	INFO	Listening on 127.0.0.1:58697
1713179896068	mozrunner::runner	INFO	Running command: "C:\\Program Files\\Mozilla Firefox\\firefox.exe" "--marionette" "--remote-debugging-port" "58698" "--remote-allow-hosts" "localhost" "-no-remote" "-profile" "C:\\Users\\YASMIN~1.HIL\\AppData\\Local\\Temp\\rust_mozprofile0yB9Xu"
console.warn: services.settings: Ignoring preference override of remote settings server
console.warn: services.settings: Allow by setting MOZ_REMOTE_SETTINGS_DEVTOOLS=1 in the environment
1713179896614	Marionette	INFO	Marionette enabled
Dynamically enable window occlusion 0
1713179896730	Marionette	INFO	Listening on port 58712
WebDriver BiDi listening on ws://127.0.0.1:58698
Read port: 58712
1713179896934	RemoteAgent	WARN	TLS certificate errors will be ignored for this session
DevTools listening on ws://127.0.0.1:58698/devtools/browser/f16c2a2e-8d15-47bc-b375-893e703110e9
1713179927795	addons.xpi	ERROR	System addon update list error SyntaxError: XMLHttpRequest.open: 'http://%(server)s/dummy-system-addons.xml' is not a valid URL.
JavaScript error: , line 0: uncaught exception: Timeout
JavaScript warning: https://diac--preprod.sandbox.my.site.com/lub2b/s/sfsites/auraFW/javascript/ZDROWDdLOGtXcTZqSWZiU19ZaDJFdzk4bkk0bVJhZGJCWE9mUC1IZXZRbmcyNDguMTAuNS01LjAuMTA/aura_prod.js line 319 > eval, line 1: Script terminated by timeout at:
isValid@https://diac--preprod.sandbox.my.site.com/components/instrumentation/telemetryService.js:1:640
update@https://diac--preprod.sandbox.my.site.com/components/instrumentation/telemetryService.js:1:1807
updateMetrics@https://diac--preprod.sandbox.my.site.com/components/instrumentation/utility.js:1:2577
logBandwidthUsage@https://diac--preprod.sandbox.my.site.com/libraries/instrumentation/beaconLib.BeaconLibrary.js:27:406
navFromPage@https://diac--preprod.sandbox.my.site.com/libraries/instrumentation/beaconLib.BeaconLibrary.js:21:478
onWindowClose@https://diac--preprod.sandbox.my.site.com/libraries/instrumentation/beaconLib.BeaconLibrary.js:15:108
b@https://diac--preprod.sandbox.my.site.com/lub2b/s/sfsites/auraFW/javascript/ZDROWDdLOGtXcTZqSWZiU19ZaDJFdzk4bkk0bVJhZGJCWE9mUC1IZXZRbmcyNDguMTAuNS01LjAuMTA/aura_prod.js:981:72
t@https://diac--preprod.sandbox.my.site.com/lub2b/s/sfsites/auraFW/javascript/ZDROWDdLOGtXcTZqSWZiU19ZaDJFdzk4bkk0bVJhZGJCWE9mUC1IZXZRbmcyNDguMTAuNS01LjAuMTA/aura_prod.js:29:5722

1713187698924	Marionette	INFO	Stopped listening on port 58712
Dynamically enable window occlusion 1
!!! error running onStopped callback: TypeError: callback is not a function
